mode: atomic
github.com/sean-miningah/sil-backend-assessment/cmd/main.go:32.13,37.16 3 0
github.com/sean-miningah/sil-backend-assessment/cmd/main.go:37.16,39.3 1 0
github.com/sean-miningah/sil-backend-assessment/cmd/main.go:40.2,40.15 1 0
github.com/sean-miningah/sil-backend-assessment/cmd/main.go:40.15,41.59 1 0
github.com/sean-miningah/sil-backend-assessment/cmd/main.go:41.59,43.4 1 0
github.com/sean-miningah/sil-backend-assessment/cmd/main.go:47.2,54.16 3 0
github.com/sean-miningah/sil-backend-assessment/cmd/main.go:54.16,56.3 1 0
github.com/sean-miningah/sil-backend-assessment/cmd/main.go:59.2,89.2 19 0
github.com/sean-miningah/sil-backend-assessment/cmd/main.go:89.2,104.3 3 0
github.com/sean-miningah/sil-backend-assessment/cmd/main.go:106.2,107.38 2 0
github.com/sean-miningah/sil-backend-assessment/cmd/main.go:107.38,109.3 1 0
github.com/sean-miningah/sil-backend-assessment/cmd/main.go:112.2,112.48 1 0
github.com/sean-miningah/sil-backend-assessment/cmd/main.go:112.48,114.3 1 0
github.com/sean-miningah/sil-backend-assessment/internal/adapters/handlers/graphql/handler.go:15.74,19.2 1 0
github.com/sean-miningah/sil-backend-assessment/internal/adapters/handlers/graphql/handler.go:21.45,30.30 3 0
github.com/sean-miningah/sil-backend-assessment/internal/adapters/handlers/graphql/handler.go:30.30,32.3 1 0
github.com/sean-miningah/sil-backend-assessment/internal/adapters/handlers/graphql/handler.go:35.48,38.30 2 0
github.com/sean-miningah/sil-backend-assessment/internal/adapters/handlers/graphql/handler.go:38.30,40.3 1 0
github.com/sean-miningah/sil-backend-assessment/internal/adapters/handlers/graphql/resolver.go:22.13,28.2 1 0
github.com/sean-miningah/sil-backend-assessment/internal/adapters/handlers/graphql/schema.resolvers.go:19.119,24.16 4 0
github.com/sean-miningah/sil-backend-assessment/internal/adapters/handlers/graphql/schema.resolvers.go:24.16,26.3 1 0
github.com/sean-miningah/sil-backend-assessment/internal/adapters/handlers/graphql/schema.resolvers.go:28.2,34.69 2 0
github.com/sean-miningah/sil-backend-assessment/internal/adapters/handlers/graphql/schema.resolvers.go:34.69,36.3 1 0
github.com/sean-miningah/sil-backend-assessment/internal/adapters/handlers/graphql/schema.resolvers.go:38.2,47.8 2 0
github.com/sean-miningah/sil-backend-assessment/internal/adapters/handlers/graphql/schema.resolvers.go:51.119,56.16 4 0
github.com/sean-miningah/sil-backend-assessment/internal/adapters/handlers/graphql/schema.resolvers.go:56.16,58.3 1 0
github.com/sean-miningah/sil-backend-assessment/internal/adapters/handlers/graphql/schema.resolvers.go:60.2,61.16 2 0
github.com/sean-miningah/sil-backend-assessment/internal/adapters/handlers/graphql/schema.resolvers.go:61.16,63.3 1 0
github.com/sean-miningah/sil-backend-assessment/internal/adapters/handlers/graphql/schema.resolvers.go:65.2,65.23 1 0
github.com/sean-miningah/sil-backend-assessment/internal/adapters/handlers/graphql/schema.resolvers.go:65.23,67.3 1 0
github.com/sean-miningah/sil-backend-assessment/internal/adapters/handlers/graphql/schema.resolvers.go:68.2,68.24 1 0
github.com/sean-miningah/sil-backend-assessment/internal/adapters/handlers/graphql/schema.resolvers.go:68.24,70.3 1 0
github.com/sean-miningah/sil-backend-assessment/internal/adapters/handlers/graphql/schema.resolvers.go:71.2,71.29 1 0
github.com/sean-miningah/sil-backend-assessment/internal/adapters/handlers/graphql/schema.resolvers.go:71.29,73.17 2 0
github.com/sean-miningah/sil-backend-assessment/internal/adapters/handlers/graphql/schema.resolvers.go:73.17,75.4 1 0
github.com/sean-miningah/sil-backend-assessment/internal/adapters/handlers/graphql/schema.resolvers.go:76.3,76.40 1 0
github.com/sean-miningah/sil-backend-assessment/internal/adapters/handlers/graphql/schema.resolvers.go:79.2,79.69 1 0
github.com/sean-miningah/sil-backend-assessment/internal/adapters/handlers/graphql/schema.resolvers.go:79.69,81.3 1 0
github.com/sean-miningah/sil-backend-assessment/internal/adapters/handlers/graphql/schema.resolvers.go:83.2,92.8 2 0
github.com/sean-miningah/sil-backend-assessment/internal/adapters/handlers/graphql/schema.resolvers.go:96.88,101.16 4 0
github.com/sean-miningah/sil-backend-assessment/internal/adapters/handlers/graphql/schema.resolvers.go:101.16,103.3 1 0
github.com/sean-miningah/sil-backend-assessment/internal/adapters/handlers/graphql/schema.resolvers.go:105.2,105.77 1 0
github.com/sean-miningah/sil-backend-assessment/internal/adapters/handlers/graphql/schema.resolvers.go:105.77,107.3 1 0
github.com/sean-miningah/sil-backend-assessment/internal/adapters/handlers/graphql/schema.resolvers.go:109.2,109.18 1 0
github.com/sean-miningah/sil-backend-assessment/internal/adapters/handlers/graphql/schema.resolvers.go:113.81,118.16 4 0
github.com/sean-miningah/sil-backend-assessment/internal/adapters/handlers/graphql/schema.resolvers.go:118.16,120.3 1 0
github.com/sean-miningah/sil-backend-assessment/internal/adapters/handlers/graphql/schema.resolvers.go:123.2,124.29 2 0
github.com/sean-miningah/sil-backend-assessment/internal/adapters/handlers/graphql/schema.resolvers.go:124.29,134.3 2 0
github.com/sean-miningah/sil-backend-assessment/internal/adapters/handlers/graphql/schema.resolvers.go:136.2,136.20 1 0
github.com/sean-miningah/sil-backend-assessment/internal/adapters/handlers/graphql/schema.resolvers.go:140.89,145.16 4 0
github.com/sean-miningah/sil-backend-assessment/internal/adapters/handlers/graphql/schema.resolvers.go:145.16,147.3 1 0
github.com/sean-miningah/sil-backend-assessment/internal/adapters/handlers/graphql/schema.resolvers.go:149.2,150.16 2 0
github.com/sean-miningah/sil-backend-assessment/internal/adapters/handlers/graphql/schema.resolvers.go:150.16,152.3 1 0
github.com/sean-miningah/sil-backend-assessment/internal/adapters/handlers/graphql/schema.resolvers.go:153.2,162.8 2 0
github.com/sean-miningah/sil-backend-assessment/internal/adapters/handlers/graphql/schema.resolvers.go:166.84,167.63 1 0
github.com/sean-miningah/sil-backend-assessment/internal/adapters/handlers/graphql/schema.resolvers.go:171.91,172.59 1 0
github.com/sean-miningah/sil-backend-assessment/internal/adapters/handlers/graphql/schema.resolvers.go:176.103,177.83 1 0
github.com/sean-miningah/sil-backend-assessment/internal/adapters/handlers/graphql/schema.resolvers.go:181.58,181.89 1 0
github.com/sean-miningah/sil-backend-assessment/internal/adapters/handlers/graphql/schema.resolvers.go:184.52,184.80 1 0
github.com/sean-miningah/sil-backend-assessment/internal/adapters/repositories/postgres/customer_repo.go:16.62,20.2 1 0
github.com/sean-miningah/sil-backend-assessment/internal/adapters/repositories/postgres/customer_repo.go:22.119,27.106 4 0
github.com/sean-miningah/sil-backend-assessment/internal/adapters/repositories/postgres/customer_repo.go:27.106,28.45 1 0
github.com/sean-miningah/sil-backend-assessment/internal/adapters/repositories/postgres/customer_repo.go:28.45,30.71 1 0
github.com/sean-miningah/sil-backend-assessment/internal/adapters/repositories/postgres/customer_repo.go:30.71,32.5 1 0
github.com/sean-miningah/sil-backend-assessment/internal/adapters/repositories/postgres/customer_repo.go:33.4,33.24 1 0
github.com/sean-miningah/sil-backend-assessment/internal/adapters/repositories/postgres/customer_repo.go:36.3,36.18 1 0
github.com/sean-miningah/sil-backend-assessment/internal/adapters/repositories/postgres/customer_repo.go:40.2,44.23 1 0
github.com/sean-miningah/sil-backend-assessment/internal/adapters/repositories/postgres/customer_repo.go:44.23,46.3 1 0
github.com/sean-miningah/sil-backend-assessment/internal/adapters/repositories/postgres/customer_repo.go:48.2,48.31 1 0
github.com/sean-miningah/sil-backend-assessment/internal/adapters/repositories/postgres/customer_repo.go:51.119,57.25 4 0
github.com/sean-miningah/sil-backend-assessment/internal/adapters/repositories/postgres/customer_repo.go:57.25,61.3 2 0
github.com/sean-miningah/sil-backend-assessment/internal/adapters/repositories/postgres/customer_repo.go:64.2,65.99 2 0
github.com/sean-miningah/sil-backend-assessment/internal/adapters/repositories/postgres/customer_repo.go:65.99,69.3 2 0
github.com/sean-miningah/sil-backend-assessment/internal/adapters/repositories/postgres/customer_repo.go:71.2,71.30 1 0
github.com/sean-miningah/sil-backend-assessment/internal/adapters/repositories/postgres/customer_repo.go:74.98,81.2 5 0
github.com/sean-miningah/sil-backend-assessment/internal/adapters/repositories/postgres/order_repo.go:15.55,19.2 1 0
github.com/sean-miningah/sil-backend-assessment/internal/adapters/repositories/postgres/order_repo.go:21.99,26.16 4 0
github.com/sean-miningah/sil-backend-assessment/internal/adapters/repositories/postgres/order_repo.go:26.16,28.3 1 0
github.com/sean-miningah/sil-backend-assessment/internal/adapters/repositories/postgres/order_repo.go:29.2,29.19 1 0
github.com/sean-miningah/sil-backend-assessment/internal/adapters/repositories/postgres/order_repo.go:32.77,39.2 5 0
github.com/sean-miningah/sil-backend-assessment/internal/adapters/repositories/postgres/order_repo.go:41.84,48.2 5 0
github.com/sean-miningah/sil-backend-assessment/internal/adapters/repositories/postgres/order_repo.go:50.82,55.2 3 0
github.com/sean-miningah/sil-backend-assessment/internal/adapters/repositories/postgres/order_repo.go:57.70,62.2 3 0
github.com/sean-miningah/sil-backend-assessment/internal/adapters/repositories/postgres/order_repo.go:64.85,69.2 3 0
github.com/sean-miningah/sil-backend-assessment/internal/adapters/repositories/postgres/order_repo.go:71.105,78.16 5 0
github.com/sean-miningah/sil-backend-assessment/internal/adapters/repositories/postgres/order_repo.go:78.16,80.3 1 0
github.com/sean-miningah/sil-backend-assessment/internal/adapters/repositories/postgres/order_repo.go:81.2,81.22 1 0
github.com/sean-miningah/sil-backend-assessment/internal/adapters/repositories/postgres/product_repo.go:17.59,21.2 1 0
github.com/sean-miningah/sil-backend-assessment/internal/adapters/repositories/postgres/product_repo.go:23.88,28.2 3 0
github.com/sean-miningah/sil-backend-assessment/internal/adapters/repositories/postgres/product_repo.go:30.88,38.16 5 0
github.com/sean-miningah/sil-backend-assessment/internal/adapters/repositories/postgres/product_repo.go:38.16,40.3 1 0
github.com/sean-miningah/sil-backend-assessment/internal/adapters/repositories/postgres/product_repo.go:41.2,41.22 1 0
github.com/sean-miningah/sil-backend-assessment/internal/adapters/repositories/postgres/product_repo.go:44.81,53.2 5 0
github.com/sean-miningah/sil-backend-assessment/internal/adapters/repositories/postgres/product_repo.go:55.88,60.2 3 0
github.com/sean-miningah/sil-backend-assessment/internal/adapters/repositories/postgres/product_repo.go:62.72,67.2 3 0
github.com/sean-miningah/sil-backend-assessment/internal/adapters/repositories/postgres/product_repo.go:69.107,86.16 5 0
github.com/sean-miningah/sil-backend-assessment/internal/adapters/repositories/postgres/product_repo.go:86.16,88.3 1 0
github.com/sean-miningah/sil-backend-assessment/internal/adapters/repositories/postgres/product_repo.go:90.2,90.24 1 0
github.com/sean-miningah/sil-backend-assessment/internal/adapters/repositories/postgres/product_repo.go:90.24,92.3 1 0
github.com/sean-miningah/sil-backend-assessment/internal/adapters/repositories/postgres/product_repo.go:94.2,97.35 3 0
github.com/sean-miningah/sil-backend-assessment/internal/adapters/repositories/postgres/product_repo.go:97.35,100.3 2 0
github.com/sean-miningah/sil-backend-assessment/internal/adapters/repositories/postgres/product_repo.go:103.2,103.16 1 0
github.com/sean-miningah/sil-backend-assessment/internal/adapters/repositories/postgres/product_repo.go:103.16,105.3 1 0
github.com/sean-miningah/sil-backend-assessment/internal/adapters/repositories/postgres/product_repo.go:107.2,108.26 2 0
github.com/sean-miningah/sil-backend-assessment/pkg/database/postgres.go:15.50,31.29 2 0
github.com/sean-miningah/sil-backend-assessment/pkg/database/postgres.go:31.29,33.4 1 0
github.com/sean-miningah/sil-backend-assessment/pkg/database/postgres.go:35.2,35.16 1 0
github.com/sean-miningah/sil-backend-assessment/pkg/database/postgres.go:35.16,37.3 1 0
github.com/sean-miningah/sil-backend-assessment/pkg/database/postgres.go:40.2,41.16 2 0
github.com/sean-miningah/sil-backend-assessment/pkg/database/postgres.go:41.16,43.3 1 0
github.com/sean-miningah/sil-backend-assessment/pkg/database/postgres.go:46.2,51.40 4 0
github.com/sean-miningah/sil-backend-assessment/pkg/database/postgres.go:51.40,53.3 1 0
github.com/sean-miningah/sil-backend-assessment/pkg/database/postgres.go:55.2,55.16 1 0
github.com/sean-miningah/sil-backend-assessment/pkg/database/postgres.go:58.37,69.31 2 0
github.com/sean-miningah/sil-backend-assessment/pkg/database/postgres.go:69.31,70.47 1 0
github.com/sean-miningah/sil-backend-assessment/pkg/database/postgres.go:70.47,72.4 1 0
github.com/sean-miningah/sil-backend-assessment/pkg/database/postgres.go:75.2,75.12 1 0
github.com/sean-miningah/sil-backend-assessment/pkg/database/postgres.go:79.37,81.16 2 0
github.com/sean-miningah/sil-backend-assessment/pkg/database/postgres.go:81.16,83.3 1 0
github.com/sean-miningah/sil-backend-assessment/pkg/database/postgres.go:85.2,85.37 1 0
github.com/sean-miningah/sil-backend-assessment/pkg/database/postgres.go:85.37,87.3 1 0
github.com/sean-miningah/sil-backend-assessment/pkg/database/postgres.go:89.2,89.12 1 0
github.com/sean-miningah/sil-backend-assessment/internal/adapters/handlers/rest/order_handler.go:32.59,36.2 1 0
github.com/sean-miningah/sil-backend-assessment/internal/adapters/handlers/rest/order_handler.go:38.47,43.9 4 0
github.com/sean-miningah/sil-backend-assessment/internal/adapters/handlers/rest/order_handler.go:43.9,46.3 2 0
github.com/sean-miningah/sil-backend-assessment/internal/adapters/handlers/rest/order_handler.go:48.2,50.47 3 0
github.com/sean-miningah/sil-backend-assessment/internal/adapters/handlers/rest/order_handler.go:50.47,53.3 2 0
github.com/sean-miningah/sil-backend-assessment/internal/adapters/handlers/rest/order_handler.go:55.2,57.33 3 0
github.com/sean-miningah/sil-backend-assessment/internal/adapters/handlers/rest/order_handler.go:57.33,60.17 2 0
github.com/sean-miningah/sil-backend-assessment/internal/adapters/handlers/rest/order_handler.go:60.17,65.4 2 0
github.com/sean-miningah/sil-backend-assessment/internal/adapters/handlers/rest/order_handler.go:68.3,76.31 3 0
github.com/sean-miningah/sil-backend-assessment/internal/adapters/handlers/rest/order_handler.go:79.2,87.16 3 0
github.com/sean-miningah/sil-backend-assessment/internal/adapters/handlers/rest/order_handler.go:87.16,90.3 2 0
github.com/sean-miningah/sil-backend-assessment/internal/adapters/handlers/rest/order_handler.go:92.2,96.4 1 0
github.com/sean-miningah/sil-backend-assessment/internal/adapters/handlers/rest/order_handler.go:99.45,104.16 4 0
github.com/sean-miningah/sil-backend-assessment/internal/adapters/handlers/rest/order_handler.go:104.16,107.3 2 0
github.com/sean-miningah/sil-backend-assessment/internal/adapters/handlers/rest/order_handler.go:109.2,109.31 1 0
github.com/sean-miningah/sil-backend-assessment/internal/adapters/handlers/rest/order_handler.go:112.44,117.16 4 0
github.com/sean-miningah/sil-backend-assessment/internal/adapters/handlers/rest/order_handler.go:117.16,120.3 2 0
github.com/sean-miningah/sil-backend-assessment/internal/adapters/handlers/rest/order_handler.go:122.2,123.16 2 0
github.com/sean-miningah/sil-backend-assessment/internal/adapters/handlers/rest/order_handler.go:123.16,126.3 2 0
github.com/sean-miningah/sil-backend-assessment/internal/adapters/handlers/rest/order_handler.go:128.2,128.30 1 0
github.com/sean-miningah/sil-backend-assessment/internal/adapters/handlers/rest/order_handler.go:131.47,136.16 4 0
github.com/sean-miningah/sil-backend-assessment/internal/adapters/handlers/rest/order_handler.go:136.16,139.3 2 0
github.com/sean-miningah/sil-backend-assessment/internal/adapters/handlers/rest/order_handler.go:141.2,142.47 2 0
github.com/sean-miningah/sil-backend-assessment/internal/adapters/handlers/rest/order_handler.go:142.47,145.3 2 0
github.com/sean-miningah/sil-backend-assessment/internal/adapters/handlers/rest/order_handler.go:147.2,148.16 2 0
github.com/sean-miningah/sil-backend-assessment/internal/adapters/handlers/rest/order_handler.go:148.16,151.3 2 0
github.com/sean-miningah/sil-backend-assessment/internal/adapters/handlers/rest/order_handler.go:153.2,153.63 1 0
github.com/sean-miningah/sil-backend-assessment/internal/adapters/handlers/rest/order_handler.go:153.63,156.3 2 0
github.com/sean-miningah/sil-backend-assessment/internal/adapters/handlers/rest/order_handler.go:158.2,158.30 1 0
github.com/sean-miningah/sil-backend-assessment/internal/adapters/handlers/rest/order_handler.go:161.47,166.16 4 0
github.com/sean-miningah/sil-backend-assessment/internal/adapters/handlers/rest/order_handler.go:166.16,169.3 2 0
github.com/sean-miningah/sil-backend-assessment/internal/adapters/handlers/rest/order_handler.go:171.2,171.66 1 0
github.com/sean-miningah/sil-backend-assessment/internal/adapters/handlers/rest/order_handler.go:171.66,174.3 2 0
github.com/sean-miningah/sil-backend-assessment/internal/adapters/handlers/rest/order_handler.go:176.2,176.66 1 0
github.com/sean-miningah/sil-backend-assessment/internal/adapters/handlers/rest/order_handler.go:176.66,179.3 2 0
github.com/sean-miningah/sil-backend-assessment/internal/adapters/handlers/rest/order_handler.go:181.2,181.32 1 0
github.com/sean-miningah/sil-backend-assessment/internal/adapters/handlers/rest/product_handler.go:35.65,39.2 1 0
github.com/sean-miningah/sil-backend-assessment/internal/adapters/handlers/rest/product_handler.go:52.49,57.47 4 0
github.com/sean-miningah/sil-backend-assessment/internal/adapters/handlers/rest/product_handler.go:57.47,60.3 2 0
github.com/sean-miningah/sil-backend-assessment/internal/adapters/handlers/rest/product_handler.go:62.2,68.69 2 0
github.com/sean-miningah/sil-backend-assessment/internal/adapters/handlers/rest/product_handler.go:68.69,71.3 2 0
github.com/sean-miningah/sil-backend-assessment/internal/adapters/handlers/rest/product_handler.go:73.2,73.37 1 0
github.com/sean-miningah/sil-backend-assessment/internal/adapters/handlers/rest/product_handler.go:87.46,92.16 4 0
github.com/sean-miningah/sil-backend-assessment/internal/adapters/handlers/rest/product_handler.go:92.16,95.3 2 0
github.com/sean-miningah/sil-backend-assessment/internal/adapters/handlers/rest/product_handler.go:97.2,98.16 2 0
github.com/sean-miningah/sil-backend-assessment/internal/adapters/handlers/rest/product_handler.go:98.16,101.3 2 0
github.com/sean-miningah/sil-backend-assessment/internal/adapters/handlers/rest/product_handler.go:103.2,103.32 1 0
github.com/sean-miningah/sil-backend-assessment/internal/adapters/handlers/rest/product_handler.go:115.47,120.16 4 0
github.com/sean-miningah/sil-backend-assessment/internal/adapters/handlers/rest/product_handler.go:120.16,123.3 2 0
github.com/sean-miningah/sil-backend-assessment/internal/adapters/handlers/rest/product_handler.go:125.2,125.33 1 0
github.com/sean-miningah/sil-backend-assessment/internal/adapters/handlers/rest/product_handler.go:141.49,146.16 4 0
github.com/sean-miningah/sil-backend-assessment/internal/adapters/handlers/rest/product_handler.go:146.16,149.3 2 0
github.com/sean-miningah/sil-backend-assessment/internal/adapters/handlers/rest/product_handler.go:151.2,152.47 2 0
github.com/sean-miningah/sil-backend-assessment/internal/adapters/handlers/rest/product_handler.go:152.47,155.3 2 0
github.com/sean-miningah/sil-backend-assessment/internal/adapters/handlers/rest/product_handler.go:157.2,158.16 2 0
github.com/sean-miningah/sil-backend-assessment/internal/adapters/handlers/rest/product_handler.go:158.16,161.3 2 0
github.com/sean-miningah/sil-backend-assessment/internal/adapters/handlers/rest/product_handler.go:164.2,164.20 1 0
github.com/sean-miningah/sil-backend-assessment/internal/adapters/handlers/rest/product_handler.go:164.20,166.3 1 0
github.com/sean-miningah/sil-backend-assessment/internal/adapters/handlers/rest/product_handler.go:167.2,167.19 1 0
github.com/sean-miningah/sil-backend-assessment/internal/adapters/handlers/rest/product_handler.go:167.19,169.3 1 0
github.com/sean-miningah/sil-backend-assessment/internal/adapters/handlers/rest/product_handler.go:170.2,170.24 1 0
github.com/sean-miningah/sil-backend-assessment/internal/adapters/handlers/rest/product_handler.go:170.24,172.3 1 0
github.com/sean-miningah/sil-backend-assessment/internal/adapters/handlers/rest/product_handler.go:174.2,174.69 1 0
github.com/sean-miningah/sil-backend-assessment/internal/adapters/handlers/rest/product_handler.go:174.69,177.3 2 0
github.com/sean-miningah/sil-backend-assessment/internal/adapters/handlers/rest/product_handler.go:179.2,179.32 1 0
github.com/sean-miningah/sil-backend-assessment/internal/adapters/handlers/rest/product_handler.go:193.49,198.16 4 0
github.com/sean-miningah/sil-backend-assessment/internal/adapters/handlers/rest/product_handler.go:198.16,201.3 2 0
github.com/sean-miningah/sil-backend-assessment/internal/adapters/handlers/rest/product_handler.go:203.2,203.70 1 0
github.com/sean-miningah/sil-backend-assessment/internal/adapters/handlers/rest/product_handler.go:203.70,206.3 2 0
github.com/sean-miningah/sil-backend-assessment/internal/adapters/handlers/rest/product_handler.go:208.2,208.32 1 0
github.com/sean-miningah/sil-backend-assessment/internal/adapters/handlers/rest/product_handler.go:211.68,214.16 2 0
github.com/sean-miningah/sil-backend-assessment/internal/adapters/handlers/rest/product_handler.go:214.16,217.3 2 0
github.com/sean-miningah/sil-backend-assessment/internal/adapters/handlers/rest/product_handler.go:219.2,220.16 2 0
github.com/sean-miningah/sil-backend-assessment/internal/adapters/handlers/rest/product_handler.go:220.16,223.3 2 0
github.com/sean-miningah/sil-backend-assessment/internal/adapters/handlers/rest/product_handler.go:225.2,225.33 1 0
github.com/sean-miningah/sil-backend-assessment/internal/adapters/handlers/rest/user_handler.go:24.99,29.2 1 0
github.com/sean-miningah/sil-backend-assessment/internal/adapters/handlers/rest/user_handler.go:31.45,34.2 2 0
github.com/sean-miningah/sil-backend-assessment/internal/adapters/handlers/rest/user_handler.go:36.54,41.16 5 0
github.com/sean-miningah/sil-backend-assessment/internal/adapters/handlers/rest/user_handler.go:41.16,44.3 2 0
github.com/sean-miningah/sil-backend-assessment/internal/adapters/handlers/rest/user_handler.go:46.2,48.16 3 0
github.com/sean-miningah/sil-backend-assessment/internal/adapters/handlers/rest/user_handler.go:48.16,51.3 2 0
github.com/sean-miningah/sil-backend-assessment/internal/adapters/handlers/rest/user_handler.go:52.2,55.16 3 0
github.com/sean-miningah/sil-backend-assessment/internal/adapters/handlers/rest/user_handler.go:55.16,58.3 2 0
github.com/sean-miningah/sil-backend-assessment/internal/adapters/handlers/rest/user_handler.go:60.2,65.56 3 0
github.com/sean-miningah/sil-backend-assessment/internal/adapters/handlers/rest/user_handler.go:65.56,68.3 2 0
github.com/sean-miningah/sil-backend-assessment/internal/adapters/handlers/rest/user_handler.go:70.2,79.16 3 0
github.com/sean-miningah/sil-backend-assessment/internal/adapters/handlers/rest/user_handler.go:79.16,82.3 2 0
github.com/sean-miningah/sil-backend-assessment/internal/adapters/handlers/rest/user_handler.go:85.2,92.16 3 0
github.com/sean-miningah/sil-backend-assessment/internal/adapters/handlers/rest/user_handler.go:92.16,95.3 2 0
github.com/sean-miningah/sil-backend-assessment/internal/adapters/handlers/rest/user_handler.go:97.2,98.52 2 0
github.com/sean-miningah/sil-backend-assessment/internal/adapters/handlers/rest/user_handler.go:101.46,104.2 2 0
github.com/sean-miningah/sil-backend-assessment/internal/adapters/handlers/graphql/generated/generated.go:24.63,31.2 1 0
github.com/sean-miningah/sil-backend-assessment/internal/adapters/handlers/graphql/generated/generated.go:104.49,105.21 1 0
github.com/sean-miningah/sil-backend-assessment/internal/adapters/handlers/graphql/generated/generated.go:105.21,107.3 1 0
github.com/sean-miningah/sil-backend-assessment/internal/adapters/handlers/graphql/generated/generated.go:108.2,108.21 1 0
github.com/sean-miningah/sil-backend-assessment/internal/adapters/handlers/graphql/generated/generated.go:111.120,114.32 3 0
github.com/sean-miningah/sil-backend-assessment/internal/adapters/handlers/graphql/generated/generated.go:116.27,117.44 1 0
github.com/sean-miningah/sil-backend-assessment/internal/adapters/handlers/graphql/generated/generated.go:117.44,118.9 1 0
github.com/sean-miningah/sil-backend-assessment/internal/adapters/handlers/graphql/generated/generated.go:121.3,121.63 1 0
github.com/sean-miningah/sil-backend-assessment/internal/adapters/handlers/graphql/generated/generated.go:123.28,124.45 1 0
github.com/sean-miningah/sil-backend-assessment/internal/adapters/handlers/graphql/generated/generated.go:124.45,125.9 1 0
github.com/sean-miningah/sil-backend-assessment/internal/adapters/handlers/graphql/generated/generated.go:128.3,128.64 1 0
github.com/sean-miningah/sil-backend-assessment/internal/adapters/handlers/graphql/generated/generated.go:130.21,131.38 1 0
github.com/sean-miningah/sil-backend-assessment/internal/adapters/handlers/graphql/generated/generated.go:131.38,132.9 1 0
github.com/sean-miningah/sil-backend-assessment/internal/adapters/handlers/graphql/generated/generated.go:135.3,135.57 1 0
github.com/sean-miningah/sil-backend-assessment/internal/adapters/handlers/graphql/generated/generated.go:137.23,138.40 1 0
github.com/sean-miningah/sil-backend-assessment/internal/adapters/handlers/graphql/generated/generated.go:138.40,139.9 1 0
github.com/sean-miningah/sil-backend-assessment/internal/adapters/handlers/graphql/generated/generated.go:142.3,142.59 1 0
github.com/sean-miningah/sil-backend-assessment/internal/adapters/handlers/graphql/generated/generated.go:144.25,145.42 1 0
github.com/sean-miningah/sil-backend-assessment/internal/adapters/handlers/graphql/generated/generated.go:145.42,146.9 1 0
github.com/sean-miningah/sil-backend-assessment/internal/adapters/handlers/graphql/generated/generated.go:149.3,149.61 1 0
github.com/sean-miningah/sil-backend-assessment/internal/adapters/handlers/graphql/generated/generated.go:151.27,152.44 1 0
github.com/sean-miningah/sil-backend-assessment/internal/adapters/handlers/graphql/generated/generated.go:152.44,153.9 1 0
github.com/sean-miningah/sil-backend-assessment/internal/adapters/handlers/graphql/generated/generated.go:156.3,156.63 1 0
github.com/sean-miningah/sil-backend-assessment/internal/adapters/handlers/graphql/generated/generated.go:158.28,159.45 1 0
github.com/sean-miningah/sil-backend-assessment/internal/adapters/handlers/graphql/generated/generated.go:159.45,160.9 1 0
github.com/sean-miningah/sil-backend-assessment/internal/adapters/handlers/graphql/generated/generated.go:163.3,163.64 1 0
github.com/sean-miningah/sil-backend-assessment/internal/adapters/handlers/graphql/generated/generated.go:165.32,166.49 1 0
github.com/sean-miningah/sil-backend-assessment/internal/adapters/handlers/graphql/generated/generated.go:166.49,167.9 1 0
github.com/sean-miningah/sil-backend-assessment/internal/adapters/handlers/graphql/generated/generated.go:170.3,171.17 2 0
github.com/sean-miningah/sil-backend-assessment/internal/adapters/handlers/graphql/generated/generated.go:171.17,173.4 1 0
github.com/sean-miningah/sil-backend-assessment/internal/adapters/handlers/graphql/generated/generated.go:175.3,175.110 1 0
github.com/sean-miningah/sil-backend-assessment/internal/adapters/handlers/graphql/generated/generated.go:177.32,178.49 1 0
github.com/sean-miningah/sil-backend-assessment/internal/adapters/handlers/graphql/generated/generated.go:178.49,179.9 1 0
github.com/sean-miningah/sil-backend-assessment/internal/adapters/handlers/graphql/generated/generated.go:182.3,183.17 2 0
github.com/sean-miningah/sil-backend-assessment/internal/adapters/handlers/graphql/generated/generated.go:183.17,185.4 1 0
github.com/sean-miningah/sil-backend-assessment/internal/adapters/handlers/graphql/generated/generated.go:187.3,187.89 1 0
github.com/sean-miningah/sil-backend-assessment/internal/adapters/handlers/graphql/generated/generated.go:189.32,190.49 1 0
github.com/sean-miningah/sil-backend-assessment/internal/adapters/handlers/graphql/generated/generated.go:190.49,191.9 1 0
github.com/sean-miningah/sil-backend-assessment/internal/adapters/handlers/graphql/generated/generated.go:194.3,195.17 2 0
github.com/sean-miningah/sil-backend-assessment/internal/adapters/handlers/graphql/generated/generated.go:195.17,197.4 1 0
github.com/sean-miningah/sil-backend-assessment/internal/adapters/handlers/graphql/generated/generated.go:199.3,199.110 1 0
github.com/sean-miningah/sil-backend-assessment/internal/adapters/handlers/graphql/generated/generated.go:201.26,202.43 1 0
github.com/sean-miningah/sil-backend-assessment/internal/adapters/handlers/graphql/generated/generated.go:202.43,203.9 1 0
github.com/sean-miningah/sil-backend-assessment/internal/adapters/handlers/graphql/generated/generated.go:206.3,206.62 1 0
github.com/sean-miningah/sil-backend-assessment/internal/adapters/handlers/graphql/generated/generated.go:208.27,209.44 1 0
github.com/sean-miningah/sil-backend-assessment/internal/adapters/handlers/graphql/generated/generated.go:209.44,210.9 1 0
github.com/sean-miningah/sil-backend-assessment/internal/adapters/handlers/graphql/generated/generated.go:213.3,213.63 1 0
github.com/sean-miningah/sil-backend-assessment/internal/adapters/handlers/graphql/generated/generated.go:215.29,216.46 1 0
github.com/sean-miningah/sil-backend-assessment/internal/adapters/handlers/graphql/generated/generated.go:216.46,217.9 1 0
github.com/sean-miningah/sil-backend-assessment/internal/adapters/handlers/graphql/generated/generated.go:220.3,220.65 1 0
github.com/sean-miningah/sil-backend-assessment/internal/adapters/handlers/graphql/generated/generated.go:222.20,223.37 1 0
github.com/sean-miningah/sil-backend-assessment/internal/adapters/handlers/graphql/generated/generated.go:223.37,224.9 1 0
github.com/sean-miningah/sil-backend-assessment/internal/adapters/handlers/graphql/generated/generated.go:227.3,227.56 1 0
github.com/sean-miningah/sil-backend-assessment/internal/adapters/handlers/graphql/generated/generated.go:229.22,230.39 1 0
github.com/sean-miningah/sil-backend-assessment/internal/adapters/handlers/graphql/generated/generated.go:230.39,231.9 1 0
github.com/sean-miningah/sil-backend-assessment/internal/adapters/handlers/graphql/generated/generated.go:234.3,234.58 1 0
github.com/sean-miningah/sil-backend-assessment/internal/adapters/handlers/graphql/generated/generated.go:236.23,237.40 1 0
github.com/sean-miningah/sil-backend-assessment/internal/adapters/handlers/graphql/generated/generated.go:237.40,238.9 1 0
github.com/sean-miningah/sil-backend-assessment/internal/adapters/handlers/graphql/generated/generated.go:241.3,241.59 1 0
github.com/sean-miningah/sil-backend-assessment/internal/adapters/handlers/graphql/generated/generated.go:243.27,244.44 1 0
github.com/sean-miningah/sil-backend-assessment/internal/adapters/handlers/graphql/generated/generated.go:244.44,245.9 1 0
github.com/sean-miningah/sil-backend-assessment/internal/adapters/handlers/graphql/generated/generated.go:248.3,248.63 1 0
github.com/sean-miningah/sil-backend-assessment/internal/adapters/handlers/graphql/generated/generated.go:250.26,251.43 1 0
github.com/sean-miningah/sil-backend-assessment/internal/adapters/handlers/graphql/generated/generated.go:251.43,252.9 1 0
github.com/sean-miningah/sil-backend-assessment/internal/adapters/handlers/graphql/generated/generated.go:255.3,255.62 1 0
github.com/sean-miningah/sil-backend-assessment/internal/adapters/handlers/graphql/generated/generated.go:257.24,258.41 1 0
github.com/sean-miningah/sil-backend-assessment/internal/adapters/handlers/graphql/generated/generated.go:258.41,259.9 1 0
github.com/sean-miningah/sil-backend-assessment/internal/adapters/handlers/graphql/generated/generated.go:262.3,263.17 2 0
github.com/sean-miningah/sil-backend-assessment/internal/adapters/handlers/graphql/generated/generated.go:263.17,265.4 1 0
github.com/sean-miningah/sil-backend-assessment/internal/adapters/handlers/graphql/generated/generated.go:267.3,267.81 1 0
github.com/sean-miningah/sil-backend-assessment/internal/adapters/handlers/graphql/generated/generated.go:269.36,270.53 1 0
github.com/sean-miningah/sil-backend-assessment/internal/adapters/handlers/graphql/generated/generated.go:270.53,271.9 1 0
github.com/sean-miningah/sil-backend-assessment/internal/adapters/handlers/graphql/generated/generated.go:274.3,275.17 2 0
github.com/sean-miningah/sil-backend-assessment/internal/adapters/handlers/graphql/generated/generated.go:275.17,277.4 1 0
github.com/sean-miningah/sil-backend-assessment/internal/adapters/handlers/graphql/generated/generated.go:279.3,279.93 1 0
github.com/sean-miningah/sil-backend-assessment/internal/adapters/handlers/graphql/generated/generated.go:281.23,282.40 1 0
github.com/sean-miningah/sil-backend-assessment/internal/adapters/handlers/graphql/generated/generated.go:282.40,283.9 1 0
github.com/sean-miningah/sil-backend-assessment/internal/adapters/handlers/graphql/generated/generated.go:286.3,287.17 2 0
github.com/sean-miningah/sil-backend-assessment/internal/adapters/handlers/graphql/generated/generated.go:287.17,289.4 1 0
github.com/sean-miningah/sil-backend-assessment/internal/adapters/handlers/graphql/generated/generated.go:291.3,291.80 1 0
github.com/sean-miningah/sil-backend-assessment/internal/adapters/handlers/graphql/generated/generated.go:293.24,294.41 1 0
github.com/sean-miningah/sil-backend-assessment/internal/adapters/handlers/graphql/generated/generated.go:294.41,295.9 1 0
github.com/sean-miningah/sil-backend-assessment/internal/adapters/handlers/graphql/generated/generated.go:298.3,298.60 1 0
github.com/sean-miningah/sil-backend-assessment/internal/adapters/handlers/graphql/generated/generated.go:301.2,301.17 1 0
github.com/sean-miningah/sil-backend-assessment/internal/adapters/handlers/graphql/generated/generated.go:304.78,313.35 5 0
github.com/sean-miningah/sil-backend-assessment/internal/adapters/handlers/graphql/generated/generated.go:314.17,315.54 1 0
github.com/sean-miningah/sil-backend-assessment/internal/adapters/handlers/graphql/generated/generated.go:315.54,318.13 3 0
github.com/sean-miningah/sil-backend-assessment/internal/adapters/handlers/graphql/generated/generated.go:318.13,322.5 3 0
github.com/sean-miningah/sil-backend-assessment/internal/adapters/handlers/graphql/generated/generated.go:322.10,323.50 1 0
github.com/sean-miningah/sil-backend-assessment/internal/adapters/handlers/graphql/generated/generated.go:323.50,330.6 6 0
github.com/sean-miningah/sil-backend-assessment/internal/adapters/handlers/graphql/generated/generated.go:330.11,332.6 1 0
github.com/sean-miningah/sil-backend-assessment/internal/adapters/handlers/graphql/generated/generated.go:334.4,337.42 4 0
github.com/sean-miningah/sil-backend-assessment/internal/adapters/handlers/graphql/generated/generated.go:337.42,340.5 2 0
github.com/sean-miningah/sil-backend-assessment/internal/adapters/handlers/graphql/generated/generated.go:342.4,342.20 1 0
github.com/sean-miningah/sil-backend-assessment/internal/adapters/handlers/graphql/generated/generated.go:344.20,345.54 1 0
github.com/sean-miningah/sil-backend-assessment/internal/adapters/handlers/graphql/generated/generated.go:345.54,346.14 1 0
github.com/sean-miningah/sil-backend-assessment/internal/adapters/handlers/graphql/generated/generated.go:346.14,348.5 1 0
github.com/sean-miningah/sil-backend-assessment/internal/adapters/handlers/graphql/generated/generated.go:349.4,357.5 6 0
github.com/sean-miningah/sil-backend-assessment/internal/adapters/handlers/graphql/generated/generated.go:360.10,361.86 1 0
github.com/sean-miningah/sil-backend-assessment/internal/adapters/handlers/graphql/generated/generated.go:373.76,375.12 2 0
github.com/sean-miningah/sil-backend-assessment/internal/adapters/handlers/graphql/generated/generated.go:375.12,385.31 4 0
github.com/sean-miningah/sil-backend-assessment/internal/adapters/handlers/graphql/generated/generated.go:385.31,387.4 1 0
github.com/sean-miningah/sil-backend-assessment/internal/adapters/handlers/graphql/generated/generated.go:388.3,388.27 1 0
github.com/sean-miningah/sil-backend-assessment/internal/adapters/handlers/graphql/generated/generated.go:392.79,393.29 1 0
github.com/sean-miningah/sil-backend-assessment/internal/adapters/handlers/graphql/generated/generated.go:393.29,395.3 1 0
github.com/sean-miningah/sil-backend-assessment/internal/adapters/handlers/graphql/generated/generated.go:396.2,396.51 1 0
github.com/sean-miningah/sil-backend-assessment/internal/adapters/handlers/graphql/generated/generated.go:399.86,400.29 1 0
github.com/sean-miningah/sil-backend-assessment/internal/adapters/handlers/graphql/generated/generated.go:400.29,402.3 1 0
github.com/sean-miningah/sil-backend-assessment/internal/adapters/handlers/graphql/generated/generated.go:403.2,403.81 1 0
github.com/sean-miningah/sil-backend-assessment/internal/adapters/handlers/graphql/generated/generated.go:462.132,466.16 4 0
github.com/sean-miningah/sil-backend-assessment/internal/adapters/handlers/graphql/generated/generated.go:466.16,468.3 1 0
github.com/sean-miningah/sil-backend-assessment/internal/adapters/handlers/graphql/generated/generated.go:469.2,470.18 2 0
github.com/sean-miningah/sil-backend-assessment/internal/adapters/handlers/graphql/generated/generated.go:475.37,477.37 2 0
github.com/sean-miningah/sil-backend-assessment/internal/adapters/handlers/graphql/generated/generated.go:477.37,479.3 1 0
github.com/sean-miningah/sil-backend-assessment/internal/adapters/handlers/graphql/generated/generated.go:481.2,482.21 2 0
github.com/sean-miningah/sil-backend-assessment/internal/adapters/handlers/graphql/generated/generated.go:485.132,489.16 4 0
github.com/sean-miningah/sil-backend-assessment/internal/adapters/handlers/graphql/generated/generated.go:489.16,491.3 1 0
github.com/sean-miningah/sil-backend-assessment/internal/adapters/handlers/graphql/generated/generated.go:492.2,493.18 2 0
github.com/sean-miningah/sil-backend-assessment/internal/adapters/handlers/graphql/generated/generated.go:498.19,500.34 2 0
github.com/sean-miningah/sil-backend-assessment/internal/adapters/handlers/graphql/generated/generated.go:500.34,502.3 1 0
github.com/sean-miningah/sil-backend-assessment/internal/adapters/handlers/graphql/generated/generated.go:504.2,505.21 2 0
github.com/sean-miningah/sil-backend-assessment/internal/adapters/handlers/graphql/generated/generated.go:508.132,512.16 4 0
github.com/sean-miningah/sil-backend-assessment/internal/adapters/handlers/graphql/generated/generated.go:512.16,514.3 1 0
github.com/sean-miningah/sil-backend-assessment/internal/adapters/handlers/graphql/generated/generated.go:515.2,516.18 2 0
github.com/sean-miningah/sil-backend-assessment/internal/adapters/handlers/graphql/generated/generated.go:521.37,523.37 2 0
github.com/sean-miningah/sil-backend-assessment/internal/adapters/handlers/graphql/generated/generated.go:523.37,525.3 1 0
github.com/sean-miningah/sil-backend-assessment/internal/adapters/handlers/graphql/generated/generated.go:527.2,528.21 2 0
github.com/sean-miningah/sil-backend-assessment/internal/adapters/handlers/graphql/generated/generated.go:531.122,535.16 4 0
github.com/sean-miningah/sil-backend-assessment/internal/adapters/handlers/graphql/generated/generated.go:535.16,537.3 1 0
github.com/sean-miningah/sil-backend-assessment/internal/adapters/handlers/graphql/generated/generated.go:538.2,539.18 2 0
github.com/sean-miningah/sil-backend-assessment/internal/adapters/handlers/graphql/generated/generated.go:544.19,546.36 2 0
github.com/sean-miningah/sil-backend-assessment/internal/adapters/handlers/graphql/generated/generated.go:546.36,548.3 1 0
github.com/sean-miningah/sil-backend-assessment/internal/adapters/handlers/graphql/generated/generated.go:550.2,551.21 2 0
github.com/sean-miningah/sil-backend-assessment/internal/adapters/handlers/graphql/generated/generated.go:554.136,558.16 4 0
github.com/sean-miningah/sil-backend-assessment/internal/adapters/handlers/graphql/generated/generated.go:558.16,560.3 1 0
github.com/sean-miningah/sil-backend-assessment/internal/adapters/handlers/graphql/generated/generated.go:561.2,562.18 2 0
github.com/sean-miningah/sil-backend-assessment/internal/adapters/handlers/graphql/generated/generated.go:567.19,569.34 2 0
github.com/sean-miningah/sil-backend-assessment/internal/adapters/handlers/graphql/generated/generated.go:569.34,571.3 1 0
github.com/sean-miningah/sil-backend-assessment/internal/adapters/handlers/graphql/generated/generated.go:573.2,574.21 2 0
github.com/sean-miningah/sil-backend-assessment/internal/adapters/handlers/graphql/generated/generated.go:577.124,581.16 4 0
github.com/sean-miningah/sil-backend-assessment/internal/adapters/handlers/graphql/generated/generated.go:581.16,583.3 1 0
github.com/sean-miningah/sil-backend-assessment/internal/adapters/handlers/graphql/generated/generated.go:584.2,585.18 2 0
github.com/sean-miningah/sil-backend-assessment/internal/adapters/handlers/graphql/generated/generated.go:590.19,592.34 2 0
github.com/sean-miningah/sil-backend-assessment/internal/adapters/handlers/graphql/generated/generated.go:592.34,594.3 1 0
github.com/sean-miningah/sil-backend-assessment/internal/adapters/handlers/graphql/generated/generated.go:596.2,597.21 2 0
github.com/sean-miningah/sil-backend-assessment/internal/adapters/handlers/graphql/generated/generated.go:600.123,604.16 4 0
github.com/sean-miningah/sil-backend-assessment/internal/adapters/handlers/graphql/generated/generated.go:604.16,606.3 1 0
github.com/sean-miningah/sil-backend-assessment/internal/adapters/handlers/graphql/generated/generated.go:607.2,608.18 2 0
github.com/sean-miningah/sil-backend-assessment/internal/adapters/handlers/graphql/generated/generated.go:613.19,615.34 2 0
github.com/sean-miningah/sil-backend-assessment/internal/adapters/handlers/graphql/generated/generated.go:615.34,617.3 1 0
github.com/sean-miningah/sil-backend-assessment/internal/adapters/handlers/graphql/generated/generated.go:619.2,620.21 2 0
github.com/sean-miningah/sil-backend-assessment/internal/adapters/handlers/graphql/generated/generated.go:623.126,627.16 4 0
github.com/sean-miningah/sil-backend-assessment/internal/adapters/handlers/graphql/generated/generated.go:627.16,629.3 1 0
github.com/sean-miningah/sil-backend-assessment/internal/adapters/handlers/graphql/generated/generated.go:630.2,631.18 2 0
github.com/sean-miningah/sil-backend-assessment/internal/adapters/handlers/graphql/generated/generated.go:636.18,638.49 2 0
github.com/sean-miningah/sil-backend-assessment/internal/adapters/handlers/graphql/generated/generated.go:638.49,640.3 1 0
github.com/sean-miningah/sil-backend-assessment/internal/adapters/handlers/graphql/generated/generated.go:642.2,643.21 2 0
github.com/sean-miningah/sil-backend-assessment/internal/adapters/handlers/graphql/generated/generated.go:646.122,650.16 4 0
github.com/sean-miningah/sil-backend-assessment/internal/adapters/handlers/graphql/generated/generated.go:650.16,652.3 1 0
github.com/sean-miningah/sil-backend-assessment/internal/adapters/handlers/graphql/generated/generated.go:653.2,654.18 2 0
github.com/sean-miningah/sil-backend-assessment/internal/adapters/handlers/graphql/generated/generated.go:659.18,661.49 2 0
github.com/sean-miningah/sil-backend-assessment/internal/adapters/handlers/graphql/generated/generated.go:661.49,663.3 1 0
github.com/sean-miningah/sil-backend-assessment/internal/adapters/handlers/graphql/generated/generated.go:665.2,666.21 2 0
github.com/sean-miningah/sil-backend-assessment/internal/adapters/handlers/graphql/generated/generated.go:669.127,673.16 4 0
github.com/sean-miningah/sil-backend-assessment/internal/adapters/handlers/graphql/generated/generated.go:673.16,675.3 1 0
github.com/sean-miningah/sil-backend-assessment/internal/adapters/handlers/graphql/generated/generated.go:676.2,677.18 2 0
github.com/sean-miningah/sil-backend-assessment/internal/adapters/handlers/graphql/generated/generated.go:682.17,684.49 2 0
github.com/sean-miningah/sil-backend-assessment/internal/adapters/handlers/graphql/generated/generated.go:684.49,686.3 1 0
github.com/sean-miningah/sil-backend-assessment/internal/adapters/handlers/graphql/generated/generated.go:688.2,689.21 2 0
github.com/sean-miningah/sil-backend-assessment/internal/adapters/handlers/graphql/generated/generated.go:692.123,696.16 4 0
github.com/sean-miningah/sil-backend-assessment/internal/adapters/handlers/graphql/generated/generated.go:696.16,698.3 1 0
github.com/sean-miningah/sil-backend-assessment/internal/adapters/handlers/graphql/generated/generated.go:699.2,700.18 2 0
github.com/sean-miningah/sil-backend-assessment/internal/adapters/handlers/graphql/generated/generated.go:705.17,707.49 2 0
github.com/sean-miningah/sil-backend-assessment/internal/adapters/handlers/graphql/generated/generated.go:707.49,709.3 1 0
github.com/sean-miningah/sil-backend-assessment/internal/adapters/handlers/graphql/generated/generated.go:711.2,712.21 2 0
github.com/sean-miningah/sil-backend-assessment/internal/adapters/handlers/graphql/generated/generated.go:723.138,725.16 2 0
github.com/sean-miningah/sil-backend-assessment/internal/adapters/handlers/graphql/generated/generated.go:725.16,727.3 1 0
github.com/sean-miningah/sil-backend-assessment/internal/adapters/handlers/graphql/generated/generated.go:728.2,729.15 2 0
github.com/sean-miningah/sil-backend-assessment/internal/adapters/handlers/graphql/generated/generated.go:729.15,730.31 1 0
github.com/sean-miningah/sil-backend-assessment/internal/adapters/handlers/graphql/generated/generated.go:730.31,733.4 2 0
github.com/sean-miningah/sil-backend-assessment/internal/adapters/handlers/graphql/generated/generated.go:735.2,735.84 1 0
github.com/sean-miningah/sil-backend-assessment/internal/adapters/handlers/graphql/generated/generated.go:735.84,738.3 2 0
github.com/sean-miningah/sil-backend-assessment/internal/adapters/handlers/graphql/generated/generated.go:739.2,739.16 1 0
github.com/sean-miningah/sil-backend-assessment/internal/adapters/handlers/graphql/generated/generated.go:739.16,742.3 2 0
github.com/sean-miningah/sil-backend-assessment/internal/adapters/handlers/graphql/generated/generated.go:743.2,743.19 1 0
github.com/sean-miningah/sil-backend-assessment/internal/adapters/handlers/graphql/generated/generated.go:743.19,744.38 1 0
github.com/sean-miningah/sil-backend-assessment/internal/adapters/handlers/graphql/generated/generated.go:744.38,746.4 1 0
github.com/sean-miningah/sil-backend-assessment/internal/adapters/handlers/graphql/generated/generated.go:747.3,747.22 1 0
github.com/sean-miningah/sil-backend-assessment/internal/adapters/handlers/graphql/generated/generated.go:749.2,751.57 3 0
github.com/sean-miningah/sil-backend-assessment/internal/adapters/handlers/graphql/generated/generated.go:754.141,760.97 1 0
github.com/sean-miningah/sil-backend-assessment/internal/adapters/handlers/graphql/generated/generated.go:760.97,762.4 1 0
github.com/sean-miningah/sil-backend-assessment/internal/adapters/handlers/graphql/generated/generated.go:764.2,764.16 1 0
github.com/sean-miningah/sil-backend-assessment/internal/adapters/handlers/graphql/generated/generated.go:767.140,769.16 2 0
github.com/sean-miningah/sil-backend-assessment/internal/adapters/handlers/graphql/generated/generated.go:769.16,771.3 1 0
github.com/sean-miningah/sil-backend-assessment/internal/adapters/handlers/graphql/generated/generated.go:772.2,773.15 2 0
github.com/sean-miningah/sil-backend-assessment/internal/adapters/handlers/graphql/generated/generated.go:773.15,774.31 1 0
github.com/sean-miningah/sil-backend-assessment/internal/adapters/handlers/graphql/generated/generated.go:774.31,777.4 2 0
github.com/sean-miningah/sil-backend-assessment/internal/adapters/handlers/graphql/generated/generated.go:779.2,779.84 1 0
github.com/sean-miningah/sil-backend-assessment/internal/adapters/handlers/graphql/generated/generated.go:779.84,782.3 2 0
github.com/sean-miningah/sil-backend-assessment/internal/adapters/handlers/graphql/generated/generated.go:783.2,783.16 1 0
github.com/sean-miningah/sil-backend-assessment/internal/adapters/handlers/graphql/generated/generated.go:783.16,786.3 2 0
github.com/sean-miningah/sil-backend-assessment/internal/adapters/handlers/graphql/generated/generated.go:787.2,787.19 1 0
github.com/sean-miningah/sil-backend-assessment/internal/adapters/handlers/graphql/generated/generated.go:787.19,788.38 1 0
github.com/sean-miningah/sil-backend-assessment/internal/adapters/handlers/graphql/generated/generated.go:788.38,790.4 1 0
github.com/sean-miningah/sil-backend-assessment/internal/adapters/handlers/graphql/generated/generated.go:791.3,791.22 1 0
github.com/sean-miningah/sil-backend-assessment/internal/adapters/handlers/graphql/generated/generated.go:793.2,795.61 3 0
github.com/sean-miningah/sil-backend-assessment/internal/adapters/handlers/graphql/generated/generated.go:798.143,804.97 1 0
github.com/sean-miningah/sil-backend-assessment/internal/adapters/handlers/graphql/generated/generated.go:804.97,806.4 1 0
github.com/sean-miningah/sil-backend-assessment/internal/adapters/handlers/graphql/generated/generated.go:808.2,808.16 1 0
github.com/sean-miningah/sil-backend-assessment/internal/adapters/handlers/graphql/generated/generated.go:811.142,813.16 2 0
github.com/sean-miningah/sil-backend-assessment/internal/adapters/handlers/graphql/generated/generated.go:813.16,815.3 1 0
github.com/sean-miningah/sil-backend-assessment/internal/adapters/handlers/graphql/generated/generated.go:816.2,817.15 2 0
github.com/sean-miningah/sil-backend-assessment/internal/adapters/handlers/graphql/generated/generated.go:817.15,818.31 1 0
github.com/sean-miningah/sil-backend-assessment/internal/adapters/handlers/graphql/generated/generated.go:818.31,821.4 2 0
github.com/sean-miningah/sil-backend-assessment/internal/adapters/handlers/graphql/generated/generated.go:823.2,823.84 1 0
github.com/sean-miningah/sil-backend-assessment/internal/adapters/handlers/graphql/generated/generated.go:823.84,826.3 2 0
github.com/sean-miningah/sil-backend-assessment/internal/adapters/handlers/graphql/generated/generated.go:827.2,827.16 1 0
github.com/sean-miningah/sil-backend-assessment/internal/adapters/handlers/graphql/generated/generated.go:827.16,830.3 2 0
github.com/sean-miningah/sil-backend-assessment/internal/adapters/handlers/graphql/generated/generated.go:831.2,831.19 1 0
github.com/sean-miningah/sil-backend-assessment/internal/adapters/handlers/graphql/generated/generated.go:831.19,833.3 1 0
github.com/sean-miningah/sil-backend-assessment/internal/adapters/handlers/graphql/generated/generated.go:834.2,836.181 3 0
github.com/sean-miningah/sil-backend-assessment/internal/adapters/handlers/graphql/generated/generated.go:839.145,845.97 1 0
github.com/sean-miningah/sil-backend-assessment/internal/adapters/handlers/graphql/generated/generated.go:845.97,846.22 1 0
github.com/sean-miningah/sil-backend-assessment/internal/adapters/handlers/graphql/generated/generated.go:847.14,848.51 1 0
github.com/sean-miningah/sil-backend-assessment/internal/adapters/handlers/graphql/generated/generated.go:849.16,850.53 1 0
github.com/sean-miningah/sil-backend-assessment/internal/adapters/handlers/graphql/generated/generated.go:851.18,852.55 1 0
github.com/sean-miningah/sil-backend-assessment/internal/adapters/handlers/graphql/generated/generated.go:853.20,854.57 1 0
github.com/sean-miningah/sil-backend-assessment/internal/adapters/handlers/graphql/generated/generated.go:855.20,856.57 1 0
github.com/sean-miningah/sil-backend-assessment/internal/adapters/handlers/graphql/generated/generated.go:857.21,858.58 1 0
github.com/sean-miningah/sil-backend-assessment/internal/adapters/handlers/graphql/generated/generated.go:859.21,860.58 1 0
github.com/sean-miningah/sil-backend-assessment/internal/adapters/handlers/graphql/generated/generated.go:862.4,862.89 1 0
github.com/sean-miningah/sil-backend-assessment/internal/adapters/handlers/graphql/generated/generated.go:865.2,865.16 1 0
github.com/sean-miningah/sil-backend-assessment/internal/adapters/handlers/graphql/generated/generated.go:868.144,870.16 2 0
github.com/sean-miningah/sil-backend-assessment/internal/adapters/handlers/graphql/generated/generated.go:870.16,872.3 1 0
github.com/sean-miningah/sil-backend-assessment/internal/adapters/handlers/graphql/generated/generated.go:873.2,874.15 2 0
github.com/sean-miningah/sil-backend-assessment/internal/adapters/handlers/graphql/generated/generated.go:874.15,875.31 1 0
github.com/sean-miningah/sil-backend-assessment/internal/adapters/handlers/graphql/generated/generated.go:875.31,878.4 2 0
github.com/sean-miningah/sil-backend-assessment/internal/adapters/handlers/graphql/generated/generated.go:880.2,880.84 1 0
github.com/sean-miningah/sil-backend-assessment/internal/adapters/handlers/graphql/generated/generated.go:880.84,883.3 2 0
github.com/sean-miningah/sil-backend-assessment/internal/adapters/handlers/graphql/generated/generated.go:884.2,884.16 1 0
github.com/sean-miningah/sil-backend-assessment/internal/adapters/handlers/graphql/generated/generated.go:884.16,887.3 2 0
github.com/sean-miningah/sil-backend-assessment/internal/adapters/handlers/graphql/generated/generated.go:888.2,888.19 1 0
github.com/sean-miningah/sil-backend-assessment/internal/adapters/handlers/graphql/generated/generated.go:888.19,890.3 1 0
github.com/sean-miningah/sil-backend-assessment/internal/adapters/handlers/graphql/generated/generated.go:891.2,893.187 3 0
github.com/sean-miningah/sil-backend-assessment/internal/adapters/handlers/graphql/generated/generated.go:896.147,902.97 1 0
github.com/sean-miningah/sil-backend-assessment/internal/adapters/handlers/graphql/generated/generated.go:902.97,903.22 1 0
github.com/sean-miningah/sil-backend-assessment/internal/adapters/handlers/graphql/generated/generated.go:904.14,905.51 1 0
github.com/sean-miningah/sil-backend-assessment/internal/adapters/handlers/graphql/generated/generated.go:906.16,907.53 1 0
github.com/sean-miningah/sil-backend-assessment/internal/adapters/handlers/graphql/generated/generated.go:908.18,909.55 1 0
github.com/sean-miningah/sil-backend-assessment/internal/adapters/handlers/graphql/generated/generated.go:910.20,911.57 1 0
github.com/sean-miningah/sil-backend-assessment/internal/adapters/handlers/graphql/generated/generated.go:912.20,913.57 1 0
github.com/sean-miningah/sil-backend-assessment/internal/adapters/handlers/graphql/generated/generated.go:914.21,915.58 1 0
github.com/sean-miningah/sil-backend-assessment/internal/adapters/handlers/graphql/generated/generated.go:916.21,917.58 1 0
github.com/sean-miningah/sil-backend-assessment/internal/adapters/handlers/graphql/generated/generated.go:919.4,919.89 1 0
github.com/sean-miningah/sil-backend-assessment/internal/adapters/handlers/graphql/generated/generated.go:922.2,922.16 1 0
github.com/sean-miningah/sil-backend-assessment/internal/adapters/handlers/graphql/generated/generated.go:925.144,927.16 2 0
github.com/sean-miningah/sil-backend-assessment/internal/adapters/handlers/graphql/generated/generated.go:927.16,929.3 1 0
github.com/sean-miningah/sil-backend-assessment/internal/adapters/handlers/graphql/generated/generated.go:930.2,931.15 2 0
github.com/sean-miningah/sil-backend-assessment/internal/adapters/handlers/graphql/generated/generated.go:931.15,932.31 1 0
github.com/sean-miningah/sil-backend-assessment/internal/adapters/handlers/graphql/generated/generated.go:932.31,935.4 2 0
github.com/sean-miningah/sil-backend-assessment/internal/adapters/handlers/graphql/generated/generated.go:937.2,937.84 1 0
github.com/sean-miningah/sil-backend-assessment/internal/adapters/handlers/graphql/generated/generated.go:937.84,940.3 2 0
github.com/sean-miningah/sil-backend-assessment/internal/adapters/handlers/graphql/generated/generated.go:941.2,941.16 1 0
github.com/sean-miningah/sil-backend-assessment/internal/adapters/handlers/graphql/generated/generated.go:941.16,944.3 2 0
github.com/sean-miningah/sil-backend-assessment/internal/adapters/handlers/graphql/generated/generated.go:945.2,945.19 1 0
github.com/sean-miningah/sil-backend-assessment/internal/adapters/handlers/graphql/generated/generated.go:945.19,947.3 1 0
github.com/sean-miningah/sil-backend-assessment/internal/adapters/handlers/graphql/generated/generated.go:948.2,950.185 3 0
github.com/sean-miningah/sil-backend-assessment/internal/adapters/handlers/graphql/generated/generated.go:953.147,959.97 1 0
github.com/sean-miningah/sil-backend-assessment/internal/adapters/handlers/graphql/generated/generated.go:959.97,960.22 1 0
github.com/sean-miningah/sil-backend-assessment/internal/adapters/handlers/graphql/generated/generated.go:961.14,962.50 1 0
github.com/sean-miningah/sil-backend-assessment/internal/adapters/handlers/graphql/generated/generated.go:963.16,964.52 1 0
github.com/sean-miningah/sil-backend-assessment/internal/adapters/handlers/graphql/generated/generated.go:965.23,966.59 1 0
github.com/sean-miningah/sil-backend-assessment/internal/adapters/handlers/graphql/generated/generated.go:967.17,968.53 1 0
github.com/sean-miningah/sil-backend-assessment/internal/adapters/handlers/graphql/generated/generated.go:969.20,970.56 1 0
github.com/sean-miningah/sil-backend-assessment/internal/adapters/handlers/graphql/generated/generated.go:971.21,972.57 1 0
github.com/sean-miningah/sil-backend-assessment/internal/adapters/handlers/graphql/generated/generated.go:973.21,974.57 1 0
github.com/sean-miningah/sil-backend-assessment/internal/adapters/handlers/graphql/generated/generated.go:976.4,976.88 1 0
github.com/sean-miningah/sil-backend-assessment/internal/adapters/handlers/graphql/generated/generated.go:979.2,979.16 1 0
github.com/sean-miningah/sil-backend-assessment/internal/adapters/handlers/graphql/generated/generated.go:982.145,984.16 2 0
github.com/sean-miningah/sil-backend-assessment/internal/adapters/handlers/graphql/generated/generated.go:984.16,986.3 1 0
github.com/sean-miningah/sil-backend-assessment/internal/adapters/handlers/graphql/generated/generated.go:987.2,988.15 2 0
github.com/sean-miningah/sil-backend-assessment/internal/adapters/handlers/graphql/generated/generated.go:988.15,989.31 1 0
github.com/sean-miningah/sil-backend-assessment/internal/adapters/handlers/graphql/generated/generated.go:989.31,992.4 2 0
github.com/sean-miningah/sil-backend-assessment/internal/adapters/handlers/graphql/generated/generated.go:994.2,994.84 1 0
github.com/sean-miningah/sil-backend-assessment/internal/adapters/handlers/graphql/generated/generated.go:994.84,997.3 2 0
github.com/sean-miningah/sil-backend-assessment/internal/adapters/handlers/graphql/generated/generated.go:998.2,998.16 1 0
github.com/sean-miningah/sil-backend-assessment/internal/adapters/handlers/graphql/generated/generated.go:998.16,1001.3 2 0
github.com/sean-miningah/sil-backend-assessment/internal/adapters/handlers/graphql/generated/generated.go:1002.2,1002.19 1 0
github.com/sean-miningah/sil-backend-assessment/internal/adapters/handlers/graphql/generated/generated.go:1002.19,1003.38 1 0
github.com/sean-miningah/sil-backend-assessment/internal/adapters/handlers/graphql/generated/generated.go:1003.38,1005.4 1 0
github.com/sean-miningah/sil-backend-assessment/internal/adapters/handlers/graphql/generated/generated.go:1006.3,1006.22 1 0
github.com/sean-miningah/sil-backend-assessment/internal/adapters/handlers/graphql/generated/generated.go:1008.2,1010.61 3 0
github.com/sean-miningah/sil-backend-assessment/internal/adapters/handlers/graphql/generated/generated.go:1013.148,1019.97 1 0
github.com/sean-miningah/sil-backend-assessment/internal/adapters/handlers/graphql/generated/generated.go:1019.97,1021.4 1 0
github.com/sean-miningah/sil-backend-assessment/internal/adapters/handlers/graphql/generated/generated.go:1023.2,1023.16 1 0
github.com/sean-miningah/sil-backend-assessment/internal/adapters/handlers/graphql/generated/generated.go:1026.145,1028.16 2 0
github.com/sean-miningah/sil-backend-assessment/internal/adapters/handlers/graphql/generated/generated.go:1028.16,1030.3 1 0
github.com/sean-miningah/sil-backend-assessment/internal/adapters/handlers/graphql/generated/generated.go:1031.2,1032.15 2 0
github.com/sean-miningah/sil-backend-assessment/internal/adapters/handlers/graphql/generated/generated.go:1032.15,1033.31 1 0
github.com/sean-miningah/sil-backend-assessment/internal/adapters/handlers/graphql/generated/generated.go:1033.31,1036.4 2 0
github.com/sean-miningah/sil-backend-assessment/internal/adapters/handlers/graphql/generated/generated.go:1038.2,1038.84 1 0
github.com/sean-miningah/sil-backend-assessment/internal/adapters/handlers/graphql/generated/generated.go:1038.84,1041.3 2 0
github.com/sean-miningah/sil-backend-assessment/internal/adapters/handlers/graphql/generated/generated.go:1042.2,1042.16 1 0
github.com/sean-miningah/sil-backend-assessment/internal/adapters/handlers/graphql/generated/generated.go:1042.16,1045.3 2 0
github.com/sean-miningah/sil-backend-assessment/internal/adapters/handlers/graphql/generated/generated.go:1046.2,1046.19 1 0
github.com/sean-miningah/sil-backend-assessment/internal/adapters/handlers/graphql/generated/generated.go:1046.19,1047.38 1 0
github.com/sean-miningah/sil-backend-assessment/internal/adapters/handlers/graphql/generated/generated.go:1047.38,1049.4 1 0
github.com/sean-miningah/sil-backend-assessment/internal/adapters/handlers/graphql/generated/generated.go:1050.3,1050.22 1 0
github.com/sean-miningah/sil-backend-assessment/internal/adapters/handlers/graphql/generated/generated.go:1052.2,1054.61 3 0
github.com/sean-miningah/sil-backend-assessment/internal/adapters/handlers/graphql/generated/generated.go:1057.148,1063.97 1 0
github.com/sean-miningah/sil-backend-assessment/internal/adapters/handlers/graphql/generated/generated.go:1063.97,1065.4 1 0
github.com/sean-miningah/sil-backend-assessment/internal/adapters/handlers/graphql/generated/generated.go:1067.2,1067.16 1 0
github.com/sean-miningah/sil-backend-assessment/internal/adapters/handlers/graphql/generated/generated.go:1070.128,1072.16 2 0
github.com/sean-miningah/sil-backend-assessment/internal/adapters/handlers/graphql/generated/generated.go:1072.16,1074.3 1 0
github.com/sean-miningah/sil-backend-assessment/internal/adapters/handlers/graphql/generated/generated.go:1075.2,1076.15 2 0
github.com/sean-miningah/sil-backend-assessment/internal/adapters/handlers/graphql/generated/generated.go:1076.15,1077.31 1 0
github.com/sean-miningah/sil-backend-assessment/internal/adapters/handlers/graphql/generated/generated.go:1077.31,1080.4 2 0
github.com/sean-miningah/sil-backend-assessment/internal/adapters/handlers/graphql/generated/generated.go:1082.2,1082.84 1 0
github.com/sean-miningah/sil-backend-assessment/internal/adapters/handlers/graphql/generated/generated.go:1082.84,1085.3 2 0
github.com/sean-miningah/sil-backend-assessment/internal/adapters/handlers/graphql/generated/generated.go:1086.2,1086.16 1 0
github.com/sean-miningah/sil-backend-assessment/internal/adapters/handlers/graphql/generated/generated.go:1086.16,1089.3 2 0
github.com/sean-miningah/sil-backend-assessment/internal/adapters/handlers/graphql/generated/generated.go:1090.2,1090.19 1 0
github.com/sean-miningah/sil-backend-assessment/internal/adapters/handlers/graphql/generated/generated.go:1090.19,1091.38 1 0
github.com/sean-miningah/sil-backend-assessment/internal/adapters/handlers/graphql/generated/generated.go:1091.38,1093.4 1 0
github.com/sean-miningah/sil-backend-assessment/internal/adapters/handlers/graphql/generated/generated.go:1094.3,1094.22 1 0
github.com/sean-miningah/sil-backend-assessment/internal/adapters/handlers/graphql/generated/generated.go:1096.2,1098.179 3 0
github.com/sean-miningah/sil-backend-assessment/internal/adapters/handlers/graphql/generated/generated.go:1101.154,1107.97 1 0
github.com/sean-miningah/sil-backend-assessment/internal/adapters/handlers/graphql/generated/generated.go:1107.97,1108.22 1 0
github.com/sean-miningah/sil-backend-assessment/internal/adapters/handlers/graphql/generated/generated.go:1109.14,1110.50 1 0
github.com/sean-miningah/sil-backend-assessment/internal/adapters/handlers/graphql/generated/generated.go:1111.16,1112.52 1 0
github.com/sean-miningah/sil-backend-assessment/internal/adapters/handlers/graphql/generated/generated.go:1113.23,1114.59 1 0
github.com/sean-miningah/sil-backend-assessment/internal/adapters/handlers/graphql/generated/generated.go:1115.17,1116.53 1 0
github.com/sean-miningah/sil-backend-assessment/internal/adapters/handlers/graphql/generated/generated.go:1117.20,1118.56 1 0
github.com/sean-miningah/sil-backend-assessment/internal/adapters/handlers/graphql/generated/generated.go:1119.21,1120.57 1 0
github.com/sean-miningah/sil-backend-assessment/internal/adapters/handlers/graphql/generated/generated.go:1121.21,1122.57 1 0
github.com/sean-miningah/sil-backend-assessment/internal/adapters/handlers/graphql/generated/generated.go:1124.4,1124.88 1 0
github.com/sean-miningah/sil-backend-assessment/internal/adapters/handlers/graphql/generated/generated.go:1127.2,1127.15 1 0
github.com/sean-miningah/sil-backend-assessment/internal/adapters/handlers/graphql/generated/generated.go:1127.15,1128.31 1 0
github.com/sean-miningah/sil-backend-assessment/internal/adapters/handlers/graphql/generated/generated.go:1128.31,1131.4 2 0
github.com/sean-miningah/sil-backend-assessment/internal/adapters/handlers/graphql/generated/generated.go:1133.2,1134.107 2 0
github.com/sean-miningah/sil-backend-assessment/internal/adapters/handlers/graphql/generated/generated.go:1134.107,1137.3 2 0
github.com/sean-miningah/sil-backend-assessment/internal/adapters/handlers/graphql/generated/generated.go:1138.2,1138.16 1 0
github.com/sean-miningah/sil-backend-assessment/internal/adapters/handlers/graphql/generated/generated.go:1141.128,1143.16 2 0
github.com/sean-miningah/sil-backend-assessment/internal/adapters/handlers/graphql/generated/generated.go:1143.16,1145.3 1 0
github.com/sean-miningah/sil-backend-assessment/internal/adapters/handlers/graphql/generated/generated.go:1146.2,1147.15 2 0
github.com/sean-miningah/sil-backend-assessment/internal/adapters/handlers/graphql/generated/generated.go:1147.15,1148.31 1 0
github.com/sean-miningah/sil-backend-assessment/internal/adapters/handlers/graphql/generated/generated.go:1148.31,1151.4 2 0
github.com/sean-miningah/sil-backend-assessment/internal/adapters/handlers/graphql/generated/generated.go:1153.2,1153.84 1 0
github.com/sean-miningah/sil-backend-assessment/internal/adapters/handlers/graphql/generated/generated.go:1153.84,1156.3 2 0
github.com/sean-miningah/sil-backend-assessment/internal/adapters/handlers/graphql/generated/generated.go:1157.2,1157.16 1 0
github.com/sean-miningah/sil-backend-assessment/internal/adapters/handlers/graphql/generated/generated.go:1157.16,1160.3 2 0
github.com/sean-miningah/sil-backend-assessment/internal/adapters/handlers/graphql/generated/generated.go:1161.2,1161.19 1 0
github.com/sean-miningah/sil-backend-assessment/internal/adapters/handlers/graphql/generated/generated.go:1161.19,1162.38 1 0
github.com/sean-miningah/sil-backend-assessment/internal/adapters/handlers/graphql/generated/generated.go:1162.38,1164.4 1 0
github.com/sean-miningah/sil-backend-assessment/internal/adapters/handlers/graphql/generated/generated.go:1165.3,1165.22 1 0
github.com/sean-miningah/sil-backend-assessment/internal/adapters/handlers/graphql/generated/generated.go:1167.2,1169.179 3 0
github.com/sean-miningah/sil-backend-assessment/internal/adapters/handlers/graphql/generated/generated.go:1172.154,1178.97 1 0
github.com/sean-miningah/sil-backend-assessment/internal/adapters/handlers/graphql/generated/generated.go:1178.97,1179.22 1 0
github.com/sean-miningah/sil-backend-assessment/internal/adapters/handlers/graphql/generated/generated.go:1180.14,1181.50 1 0
github.com/sean-miningah/sil-backend-assessment/internal/adapters/handlers/graphql/generated/generated.go:1182.16,1183.52 1 0
github.com/sean-miningah/sil-backend-assessment/internal/adapters/handlers/graphql/generated/generated.go:1184.23,1185.59 1 0
github.com/sean-miningah/sil-backend-assessment/internal/adapters/handlers/graphql/generated/generated.go:1186.17,1187.53 1 0
github.com/sean-miningah/sil-backend-assessment/internal/adapters/handlers/graphql/generated/generated.go:1188.20,1189.56 1 0
github.com/sean-miningah/sil-backend-assessment/internal/adapters/handlers/graphql/generated/generated.go:1190.21,1191.57 1 0
github.com/sean-miningah/sil-backend-assessment/internal/adapters/handlers/graphql/generated/generated.go:1192.21,1193.57 1 0
github.com/sean-miningah/sil-backend-assessment/internal/adapters/handlers/graphql/generated/generated.go:1195.4,1195.88 1 0
github.com/sean-miningah/sil-backend-assessment/internal/adapters/handlers/graphql/generated/generated.go:1198.2,1198.15 1 0
github.com/sean-miningah/sil-backend-assessment/internal/adapters/handlers/graphql/generated/generated.go:1198.15,1199.31 1 0
github.com/sean-miningah/sil-backend-assessment/internal/adapters/handlers/graphql/generated/generated.go:1199.31,1202.4 2 0
github.com/sean-miningah/sil-backend-assessment/internal/adapters/handlers/graphql/generated/generated.go:1204.2,1205.107 2 0
github.com/sean-miningah/sil-backend-assessment/internal/adapters/handlers/graphql/generated/generated.go:1205.107,1208.3 2 0
github.com/sean-miningah/sil-backend-assessment/internal/adapters/handlers/graphql/generated/generated.go:1209.2,1209.16 1 0
github.com/sean-miningah/sil-backend-assessment/internal/adapters/handlers/graphql/generated/generated.go:1212.128,1214.16 2 0
github.com/sean-miningah/sil-backend-assessment/internal/adapters/handlers/graphql/generated/generated.go:1214.16,1216.3 1 0
github.com/sean-miningah/sil-backend-assessment/internal/adapters/handlers/graphql/generated/generated.go:1217.2,1218.15 2 0
github.com/sean-miningah/sil-backend-assessment/internal/adapters/handlers/graphql/generated/generated.go:1218.15,1219.31 1 0
github.com/sean-miningah/sil-backend-assessment/internal/adapters/handlers/graphql/generated/generated.go:1219.31,1222.4 2 0
github.com/sean-miningah/sil-backend-assessment/internal/adapters/handlers/graphql/generated/generated.go:1224.2,1224.84 1 0
github.com/sean-miningah/sil-backend-assessment/internal/adapters/handlers/graphql/generated/generated.go:1224.84,1227.3 2 0
github.com/sean-miningah/sil-backend-assessment/internal/adapters/handlers/graphql/generated/generated.go:1228.2,1228.16 1 0
github.com/sean-miningah/sil-backend-assessment/internal/adapters/handlers/graphql/generated/generated.go:1228.16,1231.3 2 0
github.com/sean-miningah/sil-backend-assessment/internal/adapters/handlers/graphql/generated/generated.go:1232.2,1232.19 1 0
github.com/sean-miningah/sil-backend-assessment/internal/adapters/handlers/graphql/generated/generated.go:1232.19,1233.38 1 0
github.com/sean-miningah/sil-backend-assessment/internal/adapters/handlers/graphql/generated/generated.go:1233.38,1235.4 1 0
github.com/sean-miningah/sil-backend-assessment/internal/adapters/handlers/graphql/generated/generated.go:1236.3,1236.22 1 0
github.com/sean-miningah/sil-backend-assessment/internal/adapters/handlers/graphql/generated/generated.go:1238.2,1240.60 3 0
github.com/sean-miningah/sil-backend-assessment/internal/adapters/handlers/graphql/generated/generated.go:1243.154,1249.97 1 0
github.com/sean-miningah/sil-backend-assessment/internal/adapters/handlers/graphql/generated/generated.go:1249.97,1251.4 1 0
github.com/sean-miningah/sil-backend-assessment/internal/adapters/handlers/graphql/generated/generated.go:1253.2,1253.15 1 0
github.com/sean-miningah/sil-backend-assessment/internal/adapters/handlers/graphql/generated/generated.go:1253.15,1254.31 1 0
github.com/sean-miningah/sil-backend-assessment/internal/adapters/handlers/graphql/generated/generated.go:1254.31,1257.4 2 0
github.com/sean-miningah/sil-backend-assessment/internal/adapters/handlers/graphql/generated/generated.go:1259.2,1260.107 2 0
github.com/sean-miningah/sil-backend-assessment/internal/adapters/handlers/graphql/generated/generated.go:1260.107,1263.3 2 0
github.com/sean-miningah/sil-backend-assessment/internal/adapters/handlers/graphql/generated/generated.go:1264.2,1264.16 1 0
github.com/sean-miningah/sil-backend-assessment/internal/adapters/handlers/graphql/generated/generated.go:1267.136,1269.16 2 0
github.com/sean-miningah/sil-backend-assessment/internal/adapters/handlers/graphql/generated/generated.go:1269.16,1271.3 1 0
github.com/sean-miningah/sil-backend-assessment/internal/adapters/handlers/graphql/generated/generated.go:1272.2,1273.15 2 0
github.com/sean-miningah/sil-backend-assessment/internal/adapters/handlers/graphql/generated/generated.go:1273.15,1274.31 1 0
github.com/sean-miningah/sil-backend-assessment/internal/adapters/handlers/graphql/generated/generated.go:1274.31,1277.4 2 0
github.com/sean-miningah/sil-backend-assessment/internal/adapters/handlers/graphql/generated/generated.go:1279.2,1279.84 1 0
github.com/sean-miningah/sil-backend-assessment/internal/adapters/handlers/graphql/generated/generated.go:1279.84,1282.3 2 0
github.com/sean-miningah/sil-backend-assessment/internal/adapters/handlers/graphql/generated/generated.go:1283.2,1283.16 1 0
github.com/sean-miningah/sil-backend-assessment/internal/adapters/handlers/graphql/generated/generated.go:1283.16,1286.3 2 0
github.com/sean-miningah/sil-backend-assessment/internal/adapters/handlers/graphql/generated/generated.go:1287.2,1287.19 1 0
github.com/sean-miningah/sil-backend-assessment/internal/adapters/handlers/graphql/generated/generated.go:1287.19,1288.38 1 0
github.com/sean-miningah/sil-backend-assessment/internal/adapters/handlers/graphql/generated/generated.go:1288.38,1290.4 1 0
github.com/sean-miningah/sil-backend-assessment/internal/adapters/handlers/graphql/generated/generated.go:1291.3,1291.22 1 0
github.com/sean-miningah/sil-backend-assessment/internal/adapters/handlers/graphql/generated/generated.go:1293.2,1295.57 3 0
github.com/sean-miningah/sil-backend-assessment/internal/adapters/handlers/graphql/generated/generated.go:1298.140,1304.97 1 0
github.com/sean-miningah/sil-backend-assessment/internal/adapters/handlers/graphql/generated/generated.go:1304.97,1306.4 1 0
github.com/sean-miningah/sil-backend-assessment/internal/adapters/handlers/graphql/generated/generated.go:1308.2,1308.16 1 0
github.com/sean-miningah/sil-backend-assessment/internal/adapters/handlers/graphql/generated/generated.go:1311.138,1313.16 2 0
github.com/sean-miningah/sil-backend-assessment/internal/adapters/handlers/graphql/generated/generated.go:1313.16,1315.3 1 0
github.com/sean-miningah/sil-backend-assessment/internal/adapters/handlers/graphql/generated/generated.go:1316.2,1317.15 2 0
github.com/sean-miningah/sil-backend-assessment/internal/adapters/handlers/graphql/generated/generated.go:1317.15,1318.31 1 0
github.com/sean-miningah/sil-backend-assessment/internal/adapters/handlers/graphql/generated/generated.go:1318.31,1321.4 2 0
github.com/sean-miningah/sil-backend-assessment/internal/adapters/handlers/graphql/generated/generated.go:1323.2,1323.84 1 0
github.com/sean-miningah/sil-backend-assessment/internal/adapters/handlers/graphql/generated/generated.go:1323.84,1326.3 2 0
github.com/sean-miningah/sil-backend-assessment/internal/adapters/handlers/graphql/generated/generated.go:1327.2,1327.16 1 0
github.com/sean-miningah/sil-backend-assessment/internal/adapters/handlers/graphql/generated/generated.go:1327.16,1330.3 2 0
github.com/sean-miningah/sil-backend-assessment/internal/adapters/handlers/graphql/generated/generated.go:1331.2,1331.19 1 0
github.com/sean-miningah/sil-backend-assessment/internal/adapters/handlers/graphql/generated/generated.go:1331.19,1332.38 1 0
github.com/sean-miningah/sil-backend-assessment/internal/adapters/handlers/graphql/generated/generated.go:1332.38,1334.4 1 0
github.com/sean-miningah/sil-backend-assessment/internal/adapters/handlers/graphql/generated/generated.go:1335.3,1335.22 1 0
github.com/sean-miningah/sil-backend-assessment/internal/adapters/handlers/graphql/generated/generated.go:1337.2,1339.61 3 0
github.com/sean-miningah/sil-backend-assessment/internal/adapters/handlers/graphql/generated/generated.go:1342.142,1348.97 1 0
github.com/sean-miningah/sil-backend-assessment/internal/adapters/handlers/graphql/generated/generated.go:1348.97,1350.4 1 0
github.com/sean-miningah/sil-backend-assessment/internal/adapters/handlers/graphql/generated/generated.go:1352.2,1352.16 1 0
github.com/sean-miningah/sil-backend-assessment/internal/adapters/handlers/graphql/generated/generated.go:1355.145,1357.16 2 0
github.com/sean-miningah/sil-backend-assessment/internal/adapters/handlers/graphql/generated/generated.go:1357.16,1359.3 1 0
github.com/sean-miningah/sil-backend-assessment/internal/adapters/handlers/graphql/generated/generated.go:1360.2,1361.15 2 0
github.com/sean-miningah/sil-backend-assessment/internal/adapters/handlers/graphql/generated/generated.go:1361.15,1362.31 1 0
github.com/sean-miningah/sil-backend-assessment/internal/adapters/handlers/graphql/generated/generated.go:1362.31,1365.4 2 0
github.com/sean-miningah/sil-backend-assessment/internal/adapters/handlers/graphql/generated/generated.go:1367.2,1367.84 1 0
github.com/sean-miningah/sil-backend-assessment/internal/adapters/handlers/graphql/generated/generated.go:1367.84,1370.3 2 0
github.com/sean-miningah/sil-backend-assessment/internal/adapters/handlers/graphql/generated/generated.go:1371.2,1371.16 1 0
github.com/sean-miningah/sil-backend-assessment/internal/adapters/handlers/graphql/generated/generated.go:1371.16,1374.3 2 0
github.com/sean-miningah/sil-backend-assessment/internal/adapters/handlers/graphql/generated/generated.go:1375.2,1375.19 1 0
github.com/sean-miningah/sil-backend-assessment/internal/adapters/handlers/graphql/generated/generated.go:1375.19,1376.38 1 0
github.com/sean-miningah/sil-backend-assessment/internal/adapters/handlers/graphql/generated/generated.go:1376.38,1378.4 1 0
github.com/sean-miningah/sil-backend-assessment/internal/adapters/handlers/graphql/generated/generated.go:1379.3,1379.22 1 0
github.com/sean-miningah/sil-backend-assessment/internal/adapters/handlers/graphql/generated/generated.go:1381.2,1383.61 3 0
github.com/sean-miningah/sil-backend-assessment/internal/adapters/handlers/graphql/generated/generated.go:1386.149,1392.97 1 0
github.com/sean-miningah/sil-backend-assessment/internal/adapters/handlers/graphql/generated/generated.go:1392.97,1394.4 1 0
github.com/sean-miningah/sil-backend-assessment/internal/adapters/handlers/graphql/generated/generated.go:1396.2,1396.16 1 0
github.com/sean-miningah/sil-backend-assessment/internal/adapters/handlers/graphql/generated/generated.go:1399.139,1401.16 2 0
github.com/sean-miningah/sil-backend-assessment/internal/adapters/handlers/graphql/generated/generated.go:1401.16,1403.3 1 0
github.com/sean-miningah/sil-backend-assessment/internal/adapters/handlers/graphql/generated/generated.go:1404.2,1405.15 2 0
github.com/sean-miningah/sil-backend-assessment/internal/adapters/handlers/graphql/generated/generated.go:1405.15,1406.31 1 0
github.com/sean-miningah/sil-backend-assessment/internal/adapters/handlers/graphql/generated/generated.go:1406.31,1409.4 2 0
github.com/sean-miningah/sil-backend-assessment/internal/adapters/handlers/graphql/generated/generated.go:1411.2,1411.84 1 0
github.com/sean-miningah/sil-backend-assessment/internal/adapters/handlers/graphql/generated/generated.go:1411.84,1414.3 2 0
[...]
github.com/sean-miningah/sil-backend-assessment/internal/adapters/handlers/graphql/generated/generated.go:5326.14,5328.3 1 0
github.com/sean-miningah/sil-backend-assessment/internal/adapters/handlers/graphql/generated/generated.go:5329.2,5330.12 2 0
github.com/sean-miningah/sil-backend-assessment/internal/adapters/handlers/graphql/generated/generated.go:5333.256,5334.14 1 0
github.com/sean-miningah/sil-backend-assessment/internal/adapters/handlers/graphql/generated/generated.go:5334.14,5336.3 1 0
github.com/sean-miningah/sil-backend-assessment/internal/adapters/handlers/graphql/generated/generated.go:5337.2,5340.13 4 0
github.com/sean-miningah/sil-backend-assessment/internal/adapters/handlers/graphql/generated/generated.go:5340.13,5342.3 1 0
github.com/sean-miningah/sil-backend-assessment/internal/adapters/handlers/graphql/generated/generated.go:5343.2,5343.19 1 0
github.com/sean-miningah/sil-backend-assessment/internal/adapters/handlers/graphql/generated/generated.go:5343.19,5350.20 4 0
github.com/sean-miningah/sil-backend-assessment/internal/adapters/handlers/graphql/generated/generated.go:5350.20,5351.17 1 0
github.com/sean-miningah/sil-backend-assessment/internal/adapters/handlers/graphql/generated/generated.go:5351.17,5352.33 1 0
github.com/sean-miningah/sil-backend-assessment/internal/adapters/handlers/graphql/generated/generated.go:5352.33,5355.6 2 0
github.com/sean-miningah/sil-backend-assessment/internal/adapters/handlers/graphql/generated/generated.go:5357.4,5357.15 1 0
github.com/sean-miningah/sil-backend-assessment/internal/adapters/handlers/graphql/generated/generated.go:5357.15,5359.5 1 0
github.com/sean-miningah/sil-backend-assessment/internal/adapters/handlers/graphql/generated/generated.go:5360.4,5360.171 1 0
github.com/sean-miningah/sil-backend-assessment/internal/adapters/handlers/graphql/generated/generated.go:5362.3,5362.13 1 0
github.com/sean-miningah/sil-backend-assessment/internal/adapters/handlers/graphql/generated/generated.go:5362.13,5364.4 1 0
github.com/sean-miningah/sil-backend-assessment/internal/adapters/handlers/graphql/generated/generated.go:5364.9,5366.4 1 0
github.com/sean-miningah/sil-backend-assessment/internal/adapters/handlers/graphql/generated/generated.go:5369.2,5371.24 2 0
github.com/sean-miningah/sil-backend-assessment/internal/adapters/handlers/graphql/generated/generated.go:5371.24,5372.24 1 0
github.com/sean-miningah/sil-backend-assessment/internal/adapters/handlers/graphql/generated/generated.go:5372.24,5374.4 1 0
github.com/sean-miningah/sil-backend-assessment/internal/adapters/handlers/graphql/generated/generated.go:5377.2,5377.12 1 0
github.com/sean-miningah/sil-backend-assessment/internal/adapters/handlers/graphql/generated/generated.go:5380.248,5381.14 1 0
github.com/sean-miningah/sil-backend-assessment/internal/adapters/handlers/graphql/generated/generated.go:5381.14,5383.3 1 0
github.com/sean-miningah/sil-backend-assessment/internal/adapters/handlers/graphql/generated/generated.go:5384.2,5384.33 1 0
github.com/sean-miningah/sil-backend-assessment/internal/adapters/handlers/graphql/generated/generated.go:5387.101,5388.14 1 0
github.com/sean-miningah/sil-backend-assessment/internal/adapters/handlers/graphql/generated/generated.go:5388.14,5390.3 1 0
github.com/sean-miningah/sil-backend-assessment/internal/adapters/handlers/graphql/generated/generated.go:5391.2,5392.44 2 0
github.com/sean-miningah/sil-backend-assessment/internal/adapters/handlers/graphql/generated/generated.go:5395.126,5396.14 1 0
github.com/sean-miningah/sil-backend-assessment/internal/adapters/handlers/graphql/generated/generated.go:5396.14,5398.3 1 0
github.com/sean-miningah/sil-backend-assessment/internal/adapters/handlers/graphql/generated/generated.go:5399.2,5400.12 2 0
github.com/sean-miningah/sil-backend-assessment/internal/adapters/handlers/graphql/generated/generated.go:5403.217,5404.14 1 0
github.com/sean-miningah/sil-backend-assessment/internal/adapters/handlers/graphql/generated/generated.go:5404.14,5406.3 1 0
github.com/sean-miningah/sil-backend-assessment/internal/adapters/handlers/graphql/generated/generated.go:5407.2,5410.13 4 0
github.com/sean-miningah/sil-backend-assessment/internal/adapters/handlers/graphql/generated/generated.go:5410.13,5412.3 1 0
github.com/sean-miningah/sil-backend-assessment/internal/adapters/handlers/graphql/generated/generated.go:5413.2,5413.19 1 0
github.com/sean-miningah/sil-backend-assessment/internal/adapters/handlers/graphql/generated/generated.go:5413.19,5420.20 4 0
github.com/sean-miningah/sil-backend-assessment/internal/adapters/handlers/graphql/generated/generated.go:5420.20,5421.17 1 0
github.com/sean-miningah/sil-backend-assessment/internal/adapters/handlers/graphql/generated/generated.go:5421.17,5422.33 1 0
github.com/sean-miningah/sil-backend-assessment/internal/adapters/handlers/graphql/generated/generated.go:5422.33,5425.6 2 0
github.com/sean-miningah/sil-backend-assessment/internal/adapters/handlers/graphql/generated/generated.go:5427.4,5427.15 1 0
github.com/sean-miningah/sil-backend-assessment/internal/adapters/handlers/graphql/generated/generated.go:5427.15,5429.5 1 0
github.com/sean-miningah/sil-backend-assessment/internal/adapters/handlers/graphql/generated/generated.go:5430.4,5430.123 1 0
github.com/sean-miningah/sil-backend-assessment/internal/adapters/handlers/graphql/generated/generated.go:5432.3,5432.13 1 0
github.com/sean-miningah/sil-backend-assessment/internal/adapters/handlers/graphql/generated/generated.go:5432.13,5434.4 1 0
github.com/sean-miningah/sil-backend-assessment/internal/adapters/handlers/graphql/generated/generated.go:5434.9,5436.4 1 0
github.com/sean-miningah/sil-backend-assessment/internal/adapters/handlers/graphql/generated/generated.go:5439.2,5441.24 2 0
github.com/sean-miningah/sil-backend-assessment/internal/adapters/handlers/graphql/generated/generated.go:5441.24,5442.24 1 0
github.com/sean-miningah/sil-backend-assessment/internal/adapters/handlers/graphql/generated/generated.go:5442.24,5444.4 1 0
github.com/sean-miningah/sil-backend-assessment/internal/adapters/handlers/graphql/generated/generated.go:5447.2,5447.12 1 0
github.com/sean-miningah/sil-backend-assessment/internal/adapters/handlers/graphql/generated/generated.go:5450.205,5451.14 1 0
github.com/sean-miningah/sil-backend-assessment/internal/adapters/handlers/graphql/generated/generated.go:5451.14,5453.3 1 0
github.com/sean-miningah/sil-backend-assessment/internal/adapters/handlers/graphql/generated/generated.go:5454.2,5457.13 4 0
github.com/sean-miningah/sil-backend-assessment/internal/adapters/handlers/graphql/generated/generated.go:5457.13,5459.3 1 0
github.com/sean-miningah/sil-backend-assessment/internal/adapters/handlers/graphql/generated/generated.go:5460.2,5460.19 1 0
github.com/sean-miningah/sil-backend-assessment/internal/adapters/handlers/graphql/generated/generated.go:5460.19,5467.20 4 0
github.com/sean-miningah/sil-backend-assessment/internal/adapters/handlers/graphql/generated/generated.go:5467.20,5468.17 1 0
github.com/sean-miningah/sil-backend-assessment/internal/adapters/handlers/graphql/generated/generated.go:5468.17,5469.33 1 0
github.com/sean-miningah/sil-backend-assessment/internal/adapters/handlers/graphql/generated/generated.go:5469.33,5472.6 2 0
github.com/sean-miningah/sil-backend-assessment/internal/adapters/handlers/graphql/generated/generated.go:5474.4,5474.15 1 0
github.com/sean-miningah/sil-backend-assessment/internal/adapters/handlers/graphql/generated/generated.go:5474.15,5476.5 1 0
github.com/sean-miningah/sil-backend-assessment/internal/adapters/handlers/graphql/generated/generated.go:5477.4,5477.115 1 0
github.com/sean-miningah/sil-backend-assessment/internal/adapters/handlers/graphql/generated/generated.go:5479.3,5479.13 1 0
github.com/sean-miningah/sil-backend-assessment/internal/adapters/handlers/graphql/generated/generated.go:5479.13,5481.4 1 0
github.com/sean-miningah/sil-backend-assessment/internal/adapters/handlers/graphql/generated/generated.go:5481.9,5483.4 1 0
github.com/sean-miningah/sil-backend-assessment/internal/adapters/handlers/graphql/generated/generated.go:5486.2,5488.24 2 0
github.com/sean-miningah/sil-backend-assessment/internal/adapters/handlers/graphql/generated/generated.go:5488.24,5489.24 1 0
github.com/sean-miningah/sil-backend-assessment/internal/adapters/handlers/graphql/generated/generated.go:5489.24,5491.4 1 0
github.com/sean-miningah/sil-backend-assessment/internal/adapters/handlers/graphql/generated/generated.go:5494.2,5494.12 1 0
github.com/sean-miningah/sil-backend-assessment/internal/adapters/handlers/graphql/generated/generated.go:5497.220,5498.14 1 0
github.com/sean-miningah/sil-backend-assessment/internal/adapters/handlers/graphql/generated/generated.go:5498.14,5500.3 1 0
github.com/sean-miningah/sil-backend-assessment/internal/adapters/handlers/graphql/generated/generated.go:5501.2,5504.13 4 0
github.com/sean-miningah/sil-backend-assessment/internal/adapters/handlers/graphql/generated/generated.go:5504.13,5506.3 1 0
github.com/sean-miningah/sil-backend-assessment/internal/adapters/handlers/graphql/generated/generated.go:5507.2,5507.19 1 0
github.com/sean-miningah/sil-backend-assessment/internal/adapters/handlers/graphql/generated/generated.go:5507.19,5514.20 4 0
github.com/sean-miningah/sil-backend-assessment/internal/adapters/handlers/graphql/generated/generated.go:5514.20,5515.17 1 0
github.com/sean-miningah/sil-backend-assessment/internal/adapters/handlers/graphql/generated/generated.go:5515.17,5516.33 1 0
github.com/sean-miningah/sil-backend-assessment/internal/adapters/handlers/graphql/generated/generated.go:5516.33,5519.6 2 0
github.com/sean-miningah/sil-backend-assessment/internal/adapters/handlers/graphql/generated/generated.go:5521.4,5521.15 1 0
github.com/sean-miningah/sil-backend-assessment/internal/adapters/handlers/graphql/generated/generated.go:5521.15,5523.5 1 0
github.com/sean-miningah/sil-backend-assessment/internal/adapters/handlers/graphql/generated/generated.go:5524.4,5524.125 1 0
github.com/sean-miningah/sil-backend-assessment/internal/adapters/handlers/graphql/generated/generated.go:5526.3,5526.13 1 0
github.com/sean-miningah/sil-backend-assessment/internal/adapters/handlers/graphql/generated/generated.go:5526.13,5528.4 1 0
github.com/sean-miningah/sil-backend-assessment/internal/adapters/handlers/graphql/generated/generated.go:5528.9,5530.4 1 0
github.com/sean-miningah/sil-backend-assessment/internal/adapters/handlers/graphql/generated/generated.go:5533.2,5535.24 2 0
github.com/sean-miningah/sil-backend-assessment/internal/adapters/handlers/graphql/generated/generated.go:5535.24,5536.24 1 0
github.com/sean-miningah/sil-backend-assessment/internal/adapters/handlers/graphql/generated/generated.go:5536.24,5538.4 1 0
github.com/sean-miningah/sil-backend-assessment/internal/adapters/handlers/graphql/generated/generated.go:5541.2,5541.12 1 0
github.com/sean-miningah/sil-backend-assessment/internal/adapters/handlers/graphql/generated/generated.go:5544.204,5545.14 1 0
github.com/sean-miningah/sil-backend-assessment/internal/adapters/handlers/graphql/generated/generated.go:5545.14,5547.3 1 0
github.com/sean-miningah/sil-backend-assessment/internal/adapters/handlers/graphql/generated/generated.go:5548.2,5548.34 1 0
github.com/sean-miningah/sil-backend-assessment/internal/adapters/handlers/graphql/generated/generated.go:5551.202,5552.14 1 0
github.com/sean-miningah/sil-backend-assessment/internal/adapters/handlers/graphql/generated/generated.go:5552.14,5554.3 1 0
github.com/sean-miningah/sil-backend-assessment/internal/adapters/handlers/graphql/generated/generated.go:5555.2,5558.13 4 0
github.com/sean-miningah/sil-backend-assessment/internal/adapters/handlers/graphql/generated/generated.go:5558.13,5560.3 1 0
github.com/sean-miningah/sil-backend-assessment/internal/adapters/handlers/graphql/generated/generated.go:5561.2,5561.19 1 0
github.com/sean-miningah/sil-backend-assessment/internal/adapters/handlers/graphql/generated/generated.go:5561.19,5568.20 4 0
github.com/sean-miningah/sil-backend-assessment/internal/adapters/handlers/graphql/generated/generated.go:5568.20,5569.17 1 0
github.com/sean-miningah/sil-backend-assessment/internal/adapters/handlers/graphql/generated/generated.go:5569.17,5570.33 1 0
github.com/sean-miningah/sil-backend-assessment/internal/adapters/handlers/graphql/generated/generated.go:5570.33,5573.6 2 0
github.com/sean-miningah/sil-backend-assessment/internal/adapters/handlers/graphql/generated/generated.go:5575.4,5575.15 1 0
github.com/sean-miningah/sil-backend-assessment/internal/adapters/handlers/graphql/generated/generated.go:5575.15,5577.5 1 0
github.com/sean-miningah/sil-backend-assessment/internal/adapters/handlers/graphql/generated/generated.go:5578.4,5578.113 1 0
github.com/sean-miningah/sil-backend-assessment/internal/adapters/handlers/graphql/generated/generated.go:5580.3,5580.13 1 0
github.com/sean-miningah/sil-backend-assessment/internal/adapters/handlers/graphql/generated/generated.go:5580.13,5582.4 1 0
github.com/sean-miningah/sil-backend-assessment/internal/adapters/handlers/graphql/generated/generated.go:5582.9,5584.4 1 0
github.com/sean-miningah/sil-backend-assessment/internal/adapters/handlers/graphql/generated/generated.go:5587.2,5589.24 2 0
github.com/sean-miningah/sil-backend-assessment/internal/adapters/handlers/graphql/generated/generated.go:5589.24,5590.24 1 0
github.com/sean-miningah/sil-backend-assessment/internal/adapters/handlers/graphql/generated/generated.go:5590.24,5592.4 1 0
github.com/sean-miningah/sil-backend-assessment/internal/adapters/handlers/graphql/generated/generated.go:5595.2,5595.12 1 0
github.com/sean-miningah/sil-backend-assessment/internal/adapters/handlers/graphql/generated/generated.go:5598.198,5599.14 1 0
github.com/sean-miningah/sil-backend-assessment/internal/adapters/handlers/graphql/generated/generated.go:5599.14,5601.3 1 0
github.com/sean-miningah/sil-backend-assessment/internal/adapters/handlers/graphql/generated/generated.go:5602.2,5602.32 1 0
github.com/sean-miningah/sil-backend-assessment/pkg/auth/auth.go:14.52,28.2 1 0
github.com/sean-miningah/sil-backend-assessment/internal/adapters/notification/notification.go:22.109,29.2 1 0
github.com/sean-miningah/sil-backend-assessment/internal/adapters/notification/notification.go:31.111,38.52 2 0
github.com/sean-miningah/sil-backend-assessment/internal/adapters/notification/notification.go:38.52,40.3 1 0
github.com/sean-miningah/sil-backend-assessment/internal/adapters/notification/notification.go:41.2,41.12 1 0
github.com/sean-miningah/sil-backend-assessment/internal/adapters/notification/notification.go:44.93,49.16 4 0
github.com/sean-miningah/sil-backend-assessment/internal/adapters/notification/notification.go:49.16,51.3 1 0
github.com/sean-miningah/sil-backend-assessment/internal/adapters/notification/notification.go:53.2,54.16 2 0
github.com/sean-miningah/sil-backend-assessment/internal/adapters/notification/notification.go:54.16,56.3 1 0
github.com/sean-miningah/sil-backend-assessment/internal/adapters/notification/notification.go:58.2,64.16 6 0
github.com/sean-miningah/sil-backend-assessment/internal/adapters/notification/notification.go:64.16,66.3 1 0
github.com/sean-miningah/sil-backend-assessment/internal/adapters/notification/notification.go:67.2,69.38 2 0
github.com/sean-miningah/sil-backend-assessment/internal/adapters/notification/notification.go:69.38,71.3 1 0
github.com/sean-miningah/sil-backend-assessment/internal/adapters/notification/notification.go:73.2,74.12 2 0
github.com/sean-miningah/sil-backend-assessment/internal/adapters/notification/notification.go:77.92,88.46 9 0
github.com/sean-miningah/sil-backend-assessment/internal/adapters/notification/notification.go:88.46,91.3 2 0
github.com/sean-miningah/sil-backend-assessment/internal/adapters/notification/notification.go:91.8,93.3 1 0
github.com/sean-miningah/sil-backend-assessment/internal/adapters/notification/notification.go:95.2,95.12 1 0
github.com/sean-miningah/sil-backend-assessment/pkg/config/config.go:34.32,40.16 5 0
github.com/sean-miningah/sil-backend-assessment/pkg/config/config.go:40.16,43.3 1 0
github.com/sean-miningah/sil-backend-assessment/pkg/config/config.go:44.2,46.16 3 0
github.com/sean-miningah/sil-backend-assessment/pkg/config/config.go:46.16,48.3 1 0
github.com/sean-miningah/sil-backend-assessment/pkg/config/config.go:50.2,50.16 1 0
github.com/sean-miningah/sil-backend-assessment/pkg/telemetry/tracer.go:11.71,13.16 2 0
github.com/sean-miningah/sil-backend-assessment/pkg/telemetry/tracer.go:13.16,15.3 1 0
github.com/sean-miningah/sil-backend-assessment/pkg/telemetry/tracer.go:17.2,26.16 3 0
github.com/sean-miningah/sil-backend-assessment/pkg/auth/middleware/auth.go:10.55,11.30 1 0
github.com/sean-miningah/sil-backend-assessment/pkg/auth/middleware/auth.go:11.30,13.23 2 0
github.com/sean-miningah/sil-backend-assessment/pkg/auth/middleware/auth.go:13.23,16.4 2 0
github.com/sean-miningah/sil-backend-assessment/pkg/auth/middleware/auth.go:18.3,19.84 2 0
github.com/sean-miningah/sil-backend-assessment/pkg/auth/middleware/auth.go:19.84,21.4 1 0
github.com/sean-miningah/sil-backend-assessment/pkg/auth/middleware/auth.go:23.3,23.33 1 0
github.com/sean-miningah/sil-backend-assessment/pkg/auth/middleware/auth.go:23.33,26.4 2 0
github.com/sean-miningah/sil-backend-assessment/pkg/auth/middleware/auth.go:28.3,29.10 2 0
github.com/sean-miningah/sil-backend-assessment/pkg/auth/middleware/auth.go:29.10,32.4 2 0
github.com/sean-miningah/sil-backend-assessment/pkg/auth/middleware/auth.go:34.3,36.11 3 0
github.com/sean-miningah/sil-backend-assessment/internal/services/customer_service.go:15.81,17.2 1 0
github.com/sean-miningah/sil-backend-assessment/internal/services/customer_service.go:19.116,24.2 3 0
github.com/sean-miningah/sil-backend-assessment/internal/services/customer_service.go:26.95,31.2 3 0
github.com/sean-miningah/sil-backend-assessment/internal/services/customer_service.go:33.116,38.2 3 0
github.com/sean-miningah/sil-backend-assessment/internal/services/order_service.go:18.158,24.2 1 0
github.com/sean-miningah/sil-backend-assessment/internal/services/order_service.go:26.84,31.24 4 0
github.com/sean-miningah/sil-backend-assessment/internal/services/order_service.go:31.24,33.3 1 0
github.com/sean-miningah/sil-backend-assessment/internal/services/order_service.go:35.2,36.16 2 0
github.com/sean-miningah/sil-backend-assessment/internal/services/order_service.go:36.16,38.3 1 0
github.com/sean-miningah/sil-backend-assessment/internal/services/order_service.go:40.2,43.16 3 0
github.com/sean-miningah/sil-backend-assessment/internal/services/order_service.go:43.16,45.3 1 0
github.com/sean-miningah/sil-backend-assessment/internal/services/order_service.go:53.2,53.12 1 0
github.com/sean-miningah/sil-backend-assessment/internal/services/order_service.go:56.80,61.2 3 0
github.com/sean-miningah/sil-backend-assessment/internal/services/order_service.go:63.86,68.2 3 0
github.com/sean-miningah/sil-backend-assessment/internal/services/order_service.go:70.84,75.2 3 0
github.com/sean-miningah/sil-backend-assessment/internal/services/order_service.go:78.72,83.2 3 0
github.com/sean-miningah/sil-backend-assessment/internal/services/order_service.go:85.102,90.2 3 0
github.com/sean-miningah/sil-backend-assessment/internal/services/product_service.go:16.107,18.2 1 2
github.com/sean-miningah/sil-backend-assessment/internal/services/product_service.go:20.92,25.2 3 1
github.com/sean-miningah/sil-backend-assessment/internal/services/product_service.go:27.92,32.2 3 1
github.com/sean-miningah/sil-backend-assessment/internal/services/product_service.go:34.86,39.2 3 0
github.com/sean-miningah/sil-backend-assessment/internal/services/product_service.go:41.92,46.2 3 0
github.com/sean-miningah/sil-backend-assessment/internal/services/product_service.go:48.76,53.2 3 0
github.com/sean-miningah/sil-backend-assessment/internal/services/product_service.go:55.105,60.2 3 0
